0 info it worked if it ends with ok
1 verbose cli [ '/home/eduardo/.nvm/versions/node/v6.17.1/bin/node',
1 verbose cli   '/home/eduardo/.nvm/versions/node/v6.17.1/bin/npm',
1 verbose cli   'install' ]
2 info using npm@3.10.10
3 info using node@v6.17.1
4 silly loadCurrentTree Starting
5 silly install loadCurrentTree
6 silly install readLocalPackageData
7 silly install normalizeTree
8 silly loadCurrentTree Finishing
9 silly loadIdealTree Starting
10 silly install loadIdealTree
11 silly cloneCurrentTree Starting
12 silly install cloneCurrentTreeToIdealTree
13 silly cloneCurrentTree Finishing
14 silly loadShrinkwrap Starting
15 silly install loadShrinkwrap
16 silly loadShrinkwrap Finishing
17 silly loadAllDepsIntoIdealTree Starting
18 silly install loadAllDepsIntoIdealTree
19 silly fetchNamedPackageData fsevents
20 silly mapToRegistry name fsevents
21 silly mapToRegistry using default registry
22 silly mapToRegistry registry https://registry.npmjs.org/
23 silly mapToRegistry data Result {
23 silly mapToRegistry   raw: 'fsevents',
23 silly mapToRegistry   scope: null,
23 silly mapToRegistry   escapedName: 'fsevents',
23 silly mapToRegistry   name: 'fsevents',
23 silly mapToRegistry   rawSpec: '',
23 silly mapToRegistry   spec: 'latest',
23 silly mapToRegistry   type: 'tag' }
24 silly mapToRegistry uri https://registry.npmjs.org/fsevents
25 verbose request uri https://registry.npmjs.org/fsevents
26 verbose request no auth needed
27 info attempt registry request try #1 at 20:22:03
28 verbose request id 72075cda892cc90c
29 verbose etag W/"f70d5ce84deac79ac7961b61b00c57e7"
30 verbose lastModified Sat, 18 Jun 2022 03:58:00 GMT
31 http request GET https://registry.npmjs.org/fsevents
32 http 304 https://registry.npmjs.org/fsevents
33 verbose headers { date: 'Wed, 07 Sep 2022 23:22:04 GMT',
33 verbose headers   connection: 'keep-alive',
33 verbose headers   'cf-ray': '74732f2fa8fca6ae-GRU',
33 verbose headers   age: '164',
33 verbose headers   'cache-control': 'public, max-age=300',
33 verbose headers   etag: '"f70d5ce84deac79ac7961b61b00c57e7"',
33 verbose headers   'last-modified': 'Sat, 18 Jun 2022 03:58:00 GMT',
33 verbose headers   vary: 'Accept-Encoding',
33 verbose headers   'cf-cache-status': 'HIT',
33 verbose headers   'x-amz-replication-status': 'COMPLETED',
33 verbose headers   server: 'cloudflare' }
34 silly get cb [ 304,
34 silly get   { date: 'Wed, 07 Sep 2022 23:22:04 GMT',
34 silly get     connection: 'keep-alive',
34 silly get     'cf-ray': '74732f2fa8fca6ae-GRU',
34 silly get     age: '164',
34 silly get     'cache-control': 'public, max-age=300',
34 silly get     etag: '"f70d5ce84deac79ac7961b61b00c57e7"',
34 silly get     'last-modified': 'Sat, 18 Jun 2022 03:58:00 GMT',
34 silly get     vary: 'Accept-Encoding',
34 silly get     'cf-cache-status': 'HIT',
34 silly get     'x-amz-replication-status': 'COMPLETED',
34 silly get     server: 'cloudflare' } ]
35 verbose etag https://registry.npmjs.org/fsevents from cache
36 verbose get saving fsevents to /home/eduardo/.npm/registry.npmjs.org/fsevents/.cache.json
37 verbose correctMkdir /home/eduardo/.npm correctMkdir not in flight; initializing
38 silly resolveWithNewModule fsevents@2.3.2 checking installable status
39 silly loadAllDepsIntoIdealTree Finishing
40 silly loadIdealTree Finishing
41 silly currentTree block8-project-zoo-functions@1.0.0
41 silly currentTree ├── @ampproject/remapping@2.2.0
41 silly currentTree ├── @babel/code-frame@7.16.7
41 silly currentTree ├── @babel/compat-data@7.17.10
41 silly currentTree ├── @babel/core@7.17.10
41 silly currentTree ├── @babel/generator@7.17.10
41 silly currentTree ├── @babel/helper-compilation-targets@7.17.10
41 silly currentTree ├── @babel/helper-environment-visitor@7.16.7
41 silly currentTree ├── @babel/helper-function-name@7.17.9
41 silly currentTree ├── @babel/helper-hoist-variables@7.16.7
41 silly currentTree ├── @babel/helper-module-imports@7.16.7
41 silly currentTree ├── @babel/helper-module-transforms@7.17.7
41 silly currentTree ├── @babel/helper-plugin-utils@7.16.7
41 silly currentTree ├── @babel/helper-simple-access@7.17.7
41 silly currentTree ├── @babel/helper-split-export-declaration@7.16.7
41 silly currentTree ├── @babel/helper-validator-identifier@7.16.7
41 silly currentTree ├── @babel/helper-validator-option@7.16.7
41 silly currentTree ├── @babel/helpers@7.17.9
41 silly currentTree ├── @babel/highlight@7.17.9
41 silly currentTree ├── @babel/parser@7.17.10
41 silly currentTree ├── @babel/plugin-syntax-async-generators@7.8.4
41 silly currentTree ├── @babel/plugin-syntax-bigint@7.8.3
41 silly currentTree ├── @babel/plugin-syntax-class-properties@7.12.13
41 silly currentTree ├── @babel/plugin-syntax-import-meta@7.10.4
41 silly currentTree ├── @babel/plugin-syntax-json-strings@7.8.3
41 silly currentTree ├── @babel/plugin-syntax-logical-assignment-operators@7.10.4
41 silly currentTree ├── @babel/plugin-syntax-nullish-coalescing-operator@7.8.3
41 silly currentTree ├── @babel/plugin-syntax-numeric-separator@7.10.4
41 silly currentTree ├── @babel/plugin-syntax-object-rest-spread@7.8.3
41 silly currentTree ├── @babel/plugin-syntax-optional-catch-binding@7.8.3
41 silly currentTree ├── @babel/plugin-syntax-optional-chaining@7.8.3
41 silly currentTree ├── @babel/runtime-corejs3@7.17.9
41 silly currentTree ├── @babel/runtime@7.17.9
41 silly currentTree ├── @babel/template@7.16.7
41 silly currentTree ├─┬ @babel/traverse@7.17.10
41 silly currentTree │ └── globals@11.12.0
41 silly currentTree ├── @babel/types@7.17.10
41 silly currentTree ├── @bcoe/v8-coverage@0.2.3
41 silly currentTree ├── @cnakazawa/watch@1.0.4
41 silly currentTree ├─┬ @eslint/eslintrc@0.4.3
41 silly currentTree │ ├── espree@7.3.1
41 silly currentTree │ ├── globals@13.13.0
41 silly currentTree │ └── type-fest@0.20.2
41 silly currentTree ├── @humanwhocodes/config-array@0.5.0
41 silly currentTree ├── @humanwhocodes/object-schema@1.2.1
41 silly currentTree ├─┬ @istanbuljs/load-nyc-config@1.1.0
41 silly currentTree │ ├── find-up@4.1.0
41 silly currentTree │ ├── locate-path@5.0.0
41 silly currentTree │ ├── p-limit@2.3.0
41 silly currentTree │ ├── p-locate@4.1.0
41 silly currentTree │ ├── p-try@2.2.0
41 silly currentTree │ ├── path-exists@4.0.0
41 silly currentTree │ └── resolve-from@5.0.0
41 silly currentTree ├── @istanbuljs/schema@0.1.3
41 silly currentTree ├─┬ @jest/console@25.5.0
41 silly currentTree │ ├── ansi-styles@4.3.0
41 silly currentTree │ ├── chalk@3.0.0
41 silly currentTree │ ├── color-convert@2.0.1
41 silly currentTree │ ├── color-name@1.1.4
41 silly currentTree │ ├── has-flag@4.0.0
41 silly currentTree │ └── supports-color@7.2.0
41 silly currentTree ├─┬ @jest/core@25.5.4
41 silly currentTree │ ├── ansi-styles@4.3.0
41 silly currentTree │ ├── chalk@3.0.0
41 silly currentTree │ ├── color-convert@2.0.1
41 silly currentTree │ ├── color-name@1.1.4
41 silly currentTree │ ├── has-flag@4.0.0
41 silly currentTree │ ├── rimraf@3.0.2
41 silly currentTree │ ├── strip-ansi@6.0.1
41 silly currentTree │ └── supports-color@7.2.0
41 silly currentTree ├── @jest/environment@25.5.0
41 silly currentTree ├── @jest/fake-timers@25.5.0
41 silly currentTree ├── @jest/globals@25.5.2
41 silly currentTree ├─┬ @jest/reporters@25.5.1
41 silly currentTree │ ├── ansi-styles@4.3.0
41 silly currentTree │ ├── chalk@3.0.0
41 silly currentTree │ ├── color-convert@2.0.1
41 silly currentTree │ ├── color-name@1.1.4
41 silly currentTree │ ├── has-flag@4.0.0
41 silly currentTree │ └── supports-color@7.2.0
41 silly currentTree ├── @jest/source-map@25.5.0
41 silly currentTree ├── @jest/test-result@25.5.0
41 silly currentTree ├── @jest/test-sequencer@25.5.4
41 silly currentTree ├─┬ @jest/transform@25.5.1
41 silly currentTree │ ├── ansi-styles@4.3.0
41 silly currentTree │ ├── chalk@3.0.0
41 silly currentTree │ ├── color-convert@2.0.1
41 silly currentTree │ ├── color-name@1.1.4
41 silly currentTree │ ├── has-flag@4.0.0
41 silly currentTree │ └── supports-color@7.2.0
41 silly currentTree ├─┬ @jest/types@25.5.0
41 silly currentTree │ ├── ansi-styles@4.3.0
41 silly currentTree │ ├── chalk@3.0.0
41 silly currentTree │ ├── color-convert@2.0.1
41 silly currentTree │ ├── color-name@1.1.4
41 silly currentTree │ ├── has-flag@4.0.0
41 silly currentTree │ └── supports-color@7.2.0
41 silly currentTree ├── @jridgewell/gen-mapping@0.1.1
41 silly currentTree ├── @jridgewell/resolve-uri@3.0.6
41 silly currentTree ├── @jridgewell/set-array@1.1.0
41 silly currentTree ├── @jridgewell/sourcemap-codec@1.4.12
41 silly currentTree ├── @jridgewell/trace-mapping@0.3.9
41 silly currentTree ├── @sinonjs/commons@1.8.3
41 silly currentTree ├── @types/babel__core@7.1.19
41 silly currentTree ├── @types/babel__generator@7.6.4
41 silly currentTree ├── @types/babel__template@7.4.1
41 silly currentTree ├── @types/babel__traverse@7.17.1
41 silly currentTree ├── @types/graceful-fs@4.1.5
41 silly currentTree ├── @types/istanbul-lib-coverage@2.0.4
41 silly currentTree ├── @types/istanbul-lib-report@3.0.0
41 silly currentTree ├── @types/istanbul-reports@1.1.2
41 silly currentTree ├── @types/json5@0.0.29
41 silly currentTree ├── @types/node@17.0.31
41 silly currentTree ├── @types/normalize-package-data@2.4.1
41 silly currentTree ├── @types/prettier@1.19.1
41 silly currentTree ├── @types/stack-utils@1.0.1
41 silly currentTree ├── @types/yargs-parser@21.0.0
41 silly currentTree ├── @types/yargs@15.0.14
41 silly currentTree ├── abab@2.0.6
41 silly currentTree ├─┬ acorn-globals@4.3.4
41 silly currentTree │ └── acorn@6.4.2
41 silly currentTree ├── acorn-jsx@5.3.2
41 silly currentTree ├── acorn-walk@6.2.0
41 silly currentTree ├── acorn@7.4.1
41 silly currentTree ├── ajv@6.12.6
41 silly currentTree ├── ansi-colors@4.1.1
41 silly currentTree ├─┬ ansi-escapes@4.3.2
41 silly currentTree │ └── type-fest@0.21.3
41 silly currentTree ├── ansi-regex@5.0.1
41 silly currentTree ├── ansi-styles@3.2.1
41 silly currentTree ├── anymatch@3.1.2
41 silly currentTree ├── argparse@1.0.10
41 silly currentTree ├── aria-query@4.2.2
41 silly currentTree ├── arr-diff@4.0.0
41 silly currentTree ├── arr-flatten@1.1.0
41 silly currentTree ├── arr-union@3.1.0
41 silly currentTree ├── array-equal@1.0.0
41 silly currentTree ├── array-includes@3.1.4
41 silly currentTree ├── array-unique@0.3.2
41 silly currentTree ├── array.prototype.flat@1.3.0
41 silly currentTree ├── array.prototype.flatmap@1.3.0
41 silly currentTree ├── asn1@0.2.6
41 silly currentTree ├── assert-plus@1.0.0
41 silly currentTree ├── assign-symbols@1.0.0
41 silly currentTree ├── ast-types-flow@0.0.7
41 silly currentTree ├── astral-regex@1.0.0
41 silly currentTree ├── asynckit@0.4.0
41 silly currentTree ├── atob@2.1.2
41 silly currentTree ├── aws-sign2@0.7.0
41 silly currentTree ├── aws4@1.11.0
41 silly currentTree ├── axe-core@4.4.1
41 silly currentTree ├── axobject-query@2.2.0
41 silly currentTree ├─┬ babel-jest@25.5.1
41 silly currentTree │ ├── ansi-styles@4.3.0
41 silly currentTree │ ├── chalk@3.0.0
41 silly currentTree │ ├── color-convert@2.0.1
41 silly currentTree │ ├── color-name@1.1.4
41 silly currentTree │ ├── has-flag@4.0.0
41 silly currentTree │ └── supports-color@7.2.0
41 silly currentTree ├─┬ babel-plugin-istanbul@6.1.1
41 silly currentTree │ └── istanbul-lib-instrument@5.2.0
41 silly currentTree ├── babel-plugin-jest-hoist@25.5.0
41 silly currentTree ├── babel-preset-current-node-syntax@0.1.4
41 silly currentTree ├── babel-preset-jest@25.5.0
41 silly currentTree ├── balanced-match@1.0.2
41 silly currentTree ├─┬ base@0.11.2
41 silly currentTree │ └── define-property@1.0.0
41 silly currentTree ├── bcrypt-pbkdf@1.0.2
41 silly currentTree ├── brace-expansion@1.1.11
41 silly currentTree ├── braces@3.0.2
41 silly currentTree ├── browser-process-hrtime@1.0.0
41 silly currentTree ├─┬ browser-resolve@1.11.3
41 silly currentTree │ └── resolve@1.1.7
41 silly currentTree ├── browserslist@4.20.3
41 silly currentTree ├── bser@2.1.1
41 silly currentTree ├── buffer-from@1.1.2
41 silly currentTree ├── cache-base@1.0.1
41 silly currentTree ├── call-bind@1.0.2
41 silly currentTree ├── callsites@3.1.0
41 silly currentTree ├── camelcase@5.3.1
41 silly currentTree ├── caniuse-lite@1.0.30001335
41 silly currentTree ├── capture-exit@2.0.0
41 silly currentTree ├── caseless@0.12.0
41 silly currentTree ├── chalk@2.4.2
41 silly currentTree ├── chardet@0.7.0
41 silly currentTree ├── ci-info@2.0.0
41 silly currentTree ├─┬ class-utils@0.3.6
41 silly currentTree │ ├── define-property@0.2.5
41 silly currentTree │ ├─┬ is-accessor-descriptor@0.1.6
41 silly currentTree │ │ └── kind-of@3.2.2
41 silly currentTree │ ├─┬ is-data-descriptor@0.1.4
41 silly currentTree │ │ └── kind-of@3.2.2
41 silly currentTree │ ├── is-descriptor@0.1.6
41 silly currentTree │ └── kind-of@5.1.0
41 silly currentTree ├── cli-cursor@3.1.0
41 silly currentTree ├── cli-width@3.0.0
41 silly currentTree ├─┬ cliui@6.0.0
41 silly currentTree │ └── strip-ansi@6.0.1
41 silly currentTree ├── co@4.6.0
41 silly currentTree ├── collect-v8-coverage@1.0.1
41 silly currentTree ├── collection-visit@1.0.0
41 silly currentTree ├── color-convert@1.9.3
41 silly currentTree ├── color-name@1.1.3
41 silly currentTree ├── combined-stream@1.0.8
41 silly currentTree ├── commander@2.20.3
41 silly currentTree ├── component-emitter@1.3.0
41 silly currentTree ├── concat-map@0.0.1
41 silly currentTree ├── confusing-browser-globals@1.0.11
41 silly currentTree ├── convert-source-map@1.8.0
41 silly currentTree ├── copy-descriptor@0.1.1
41 silly currentTree ├── core-js-pure@3.22.4
41 silly currentTree ├── core-util-is@1.0.2
41 silly currentTree ├─┬ cross-spawn@6.0.5
41 silly currentTree │ └── semver@5.7.1
41 silly currentTree ├── cssom@0.4.4
41 silly currentTree ├─┬ cssstyle@2.3.0
41 silly currentTree │ └── cssom@0.3.8
41 silly currentTree ├── damerau-levenshtein@1.0.8
41 silly currentTree ├── dashdash@1.14.1
41 silly currentTree ├── data-urls@1.1.0
41 silly currentTree ├── debug@4.3.4
41 silly currentTree ├── decamelize@1.2.0
41 silly currentTree ├── decode-uri-component@0.2.0
41 silly currentTree ├── deep-is@0.1.4
41 silly currentTree ├── deepmerge@4.2.2
41 silly currentTree ├── define-properties@1.1.4
41 silly currentTree ├── define-property@2.0.2
41 silly currentTree ├── delayed-stream@1.0.0
41 silly currentTree ├── detect-newline@3.1.0
41 silly currentTree ├── diff-sequences@25.2.6
41 silly currentTree ├── doctrine@3.0.0
41 silly currentTree ├── domexception@1.0.1
41 silly currentTree ├── ecc-jsbn@0.1.2
41 silly currentTree ├─┬ editorconfig@0.15.3
41 silly currentTree │ └── semver@5.7.1
41 silly currentTree ├── electron-to-chromium@1.4.131
41 silly currentTree ├── emoji-regex@9.2.2
41 silly currentTree ├── end-of-stream@1.4.4
41 silly currentTree ├── enquirer@2.3.6
41 silly currentTree ├── error-ex@1.3.2
41 silly currentTree ├── es-abstract@1.19.5
41 silly currentTree ├── es-shim-unscopables@1.0.0
41 silly currentTree ├── es-to-primitive@1.2.1
41 silly currentTree ├── escalade@3.1.1
41 silly currentTree ├── escape-string-regexp@1.0.5
41 silly currentTree ├─┬ escodegen@1.14.3
41 silly currentTree │ └── estraverse@4.3.0
41 silly currentTree ├── eslint-config-airbnb-base@14.2.1
41 silly currentTree ├── eslint-config-airbnb@18.2.1
41 silly currentTree ├── eslint-config-trybe-fundamentals@1.1.0
41 silly currentTree ├─┬ eslint-import-resolver-node@0.3.6
41 silly currentTree │ └── debug@3.2.7
41 silly currentTree ├─┬ eslint-module-utils@2.7.3
41 silly currentTree │ └── debug@3.2.7
41 silly currentTree ├─┬ eslint-plugin-editorconfig@2.1.3
41 silly currentTree │ ├── @babel/code-frame@7.12.11
41 silly currentTree │ ├── ansi-styles@4.3.0
41 silly currentTree │ ├── astral-regex@2.0.0
41 silly currentTree │ ├── chalk@4.1.2
41 silly currentTree │ ├── color-convert@2.0.1
41 silly currentTree │ ├── color-name@1.1.4
41 silly currentTree │ ├── cross-spawn@7.0.3
41 silly currentTree │ ├── escape-string-regexp@4.0.0
41 silly currentTree │ ├── eslint-utils@2.1.0
41 silly currentTree │ ├─┬ eslint@7.32.0
41 silly currentTree │ │ └── eslint-visitor-keys@2.1.0
41 silly currentTree │ ├── espree@7.3.1
41 silly currentTree │ ├── file-entry-cache@6.0.1
41 silly currentTree │ ├── flat-cache@3.0.4
41 silly currentTree │ ├── flatted@3.2.5
41 silly currentTree │ ├── globals@13.13.0
41 silly currentTree │ ├── has-flag@4.0.0
41 silly currentTree │ ├── json-schema-traverse@1.0.0
41 silly currentTree │ ├── levn@0.4.1
41 silly currentTree │ ├── lru-cache@6.0.0
41 silly currentTree │ ├── optionator@0.9.1
41 silly currentTree │ ├── path-key@3.1.1
41 silly currentTree │ ├── prelude-ls@1.2.1
41 silly currentTree │ ├── regexpp@3.2.0
41 silly currentTree │ ├── rimraf@3.0.2
41 silly currentTree │ ├── semver@7.3.7
41 silly currentTree │ ├── shebang-command@2.0.0
41 silly currentTree │ ├── shebang-regex@3.0.0
41 silly currentTree │ ├── slice-ansi@4.0.0
41 silly currentTree │ ├── strip-ansi@6.0.1
41 silly currentTree │ ├── supports-color@7.2.0
41 silly currentTree │ ├─┬ table@6.8.0
41 silly currentTree │ │ └── ajv@8.11.0
41 silly currentTree │ ├── type-check@0.4.0
41 silly currentTree │ ├── type-fest@0.20.2
41 silly currentTree │ ├── which@2.0.2
41 silly currentTree │ └── yallist@4.0.0
41 silly currentTree ├─┬ eslint-plugin-import@2.26.0
41 silly currentTree │ ├── debug@2.6.9
41 silly currentTree │ ├── doctrine@2.1.0
41 silly currentTree │ └── ms@2.0.0
41 silly currentTree ├── eslint-plugin-jsx-a11y@6.5.1
41 silly currentTree ├── eslint-plugin-react-hooks@4.5.0
41 silly currentTree ├─┬ eslint-plugin-react@7.29.4
41 silly currentTree │ ├── doctrine@2.1.0
41 silly currentTree │ └── resolve@2.0.0-next.3
41 silly currentTree ├── eslint-plugin-sonarjs@0.5.0
41 silly currentTree ├─┬ eslint-scope@5.1.1
41 silly currentTree │ └── estraverse@4.3.0
41 silly currentTree ├── eslint-utils@1.4.3
41 silly currentTree ├── eslint-visitor-keys@1.3.0
41 silly currentTree ├── eslint@6.8.0
41 silly currentTree ├── espree@6.2.1
41 silly currentTree ├── esprima@4.0.1
41 silly currentTree ├── esquery@1.4.0
41 silly currentTree ├── esrecurse@4.3.0
41 silly currentTree ├── estraverse@5.3.0
41 silly currentTree ├── esutils@2.0.3
41 silly currentTree ├── exec-sh@0.3.6
41 silly currentTree ├─┬ execa@3.4.0
41 silly currentTree │ ├── cross-spawn@7.0.3
41 silly currentTree │ ├── path-key@3.1.1
41 silly currentTree │ ├── shebang-command@2.0.0
41 silly currentTree │ ├── shebang-regex@3.0.0
41 silly currentTree │ └── which@2.0.2
41 silly currentTree ├── exit@0.1.2
41 silly currentTree ├─┬ expand-brackets@2.1.4
41 silly currentTree │ ├── debug@2.6.9
41 silly currentTree │ ├── define-property@0.2.5
41 silly currentTree │ ├── extend-shallow@2.0.1
41 silly currentTree │ ├─┬ is-accessor-descriptor@0.1.6
41 silly currentTree │ │ └── kind-of@3.2.2
41 silly currentTree │ ├─┬ is-data-descriptor@0.1.4
41 silly currentTree │ │ └── kind-of@3.2.2
41 silly currentTree │ ├── is-descriptor@0.1.6
41 silly currentTree │ ├── is-extendable@0.1.1
41 silly currentTree │ ├── kind-of@5.1.0
41 silly currentTree │ └── ms@2.0.0
41 silly currentTree ├─┬ expect@25.5.0
41 silly currentTree │ ├── ansi-styles@4.3.0
41 silly currentTree │ ├── color-convert@2.0.1
41 silly currentTree │ └── color-name@1.1.4
41 silly currentTree ├── extend-shallow@3.0.2
41 silly currentTree ├── extend@3.0.2
41 silly currentTree ├── external-editor@3.1.0
41 silly currentTree ├─┬ extglob@2.0.4
41 silly currentTree │ ├── define-property@1.0.0
41 silly currentTree │ ├── extend-shallow@2.0.1
41 silly currentTree │ └── is-extendable@0.1.1
41 silly currentTree ├── extsprintf@1.3.0
41 silly currentTree ├── faker@5.5.3
41 silly currentTree ├── fast-deep-equal@3.1.3
41 silly currentTree ├── fast-json-stable-stringify@2.1.0
41 silly currentTree ├── fast-levenshtein@2.0.6
41 silly currentTree ├── fb-watchman@2.0.1
41 silly currentTree ├── figures@3.2.0
41 silly currentTree ├── file-entry-cache@5.0.1
41 silly currentTree ├── fill-range@7.0.1
41 silly currentTree ├── find-up@2.1.0
41 silly currentTree ├── flat-cache@2.0.1
41 silly currentTree ├── flatted@2.0.2
41 silly currentTree ├── for-in@1.0.2
41 silly currentTree ├── forever-agent@0.6.1
41 silly currentTree ├── form-data@2.3.3
41 silly currentTree ├── fragment-cache@0.2.1
41 silly currentTree ├── fs.realpath@1.0.0
41 silly currentTree ├── function-bind@1.1.1
41 silly currentTree ├── functional-red-black-tree@1.0.1
41 silly currentTree ├── functions-have-names@1.2.3
41 silly currentTree ├── gensync@1.0.0-beta.2
41 silly currentTree ├── get-caller-file@2.0.5
41 silly currentTree ├── get-intrinsic@1.1.1
41 silly currentTree ├── get-package-type@0.1.0
41 silly currentTree ├── get-stream@5.2.0
41 silly currentTree ├── get-symbol-description@1.0.0
41 silly currentTree ├── get-value@2.0.6
41 silly currentTree ├── getpass@0.1.7
41 silly currentTree ├── glob-parent@5.1.2
41 silly currentTree ├── glob@7.2.0
41 silly currentTree ├── globals@12.4.0
41 silly currentTree ├── graceful-fs@4.2.10
41 silly currentTree ├── growly@1.3.0
41 silly currentTree ├── har-schema@2.0.0
41 silly currentTree ├── har-validator@5.1.5
41 silly currentTree ├── has-bigints@1.0.2
41 silly currentTree ├── has-flag@3.0.0
41 silly currentTree ├── has-property-descriptors@1.0.0
41 silly currentTree ├── has-symbols@1.0.3
41 silly currentTree ├── has-tostringtag@1.0.0
41 silly currentTree ├── has-value@1.0.0
41 silly currentTree ├─┬ has-values@1.0.0
41 silly currentTree │ ├─┬ is-number@3.0.0
41 silly currentTree │ │ └── kind-of@3.2.2
41 silly currentTree │ └── kind-of@4.0.0
41 silly currentTree ├── has@1.0.3
41 silly currentTree ├── hosted-git-info@2.8.9
41 silly currentTree ├── html-encoding-sniffer@1.0.2
41 silly currentTree ├── html-escaper@2.0.2
41 silly currentTree ├── http-signature@1.2.0
41 silly currentTree ├── human-signals@1.1.1
41 silly currentTree ├── iconv-lite@0.4.24
41 silly currentTree ├── ignore@4.0.6
41 silly currentTree ├── import-fresh@3.3.0
41 silly currentTree ├── import-local@3.1.0
41 silly currentTree ├── imurmurhash@0.1.4
41 silly currentTree ├── inflight@1.0.6
41 silly currentTree ├── inherits@2.0.4
41 silly currentTree ├─┬ inquirer@7.3.3
41 silly currentTree │ ├── ansi-styles@4.3.0
41 silly currentTree │ ├── chalk@4.1.2
41 silly currentTree │ ├── color-convert@2.0.1
41 silly currentTree │ ├── color-name@1.1.4
41 silly currentTree │ ├── has-flag@4.0.0
41 silly currentTree │ ├── strip-ansi@6.0.1
41 silly currentTree │ └── supports-color@7.2.0
41 silly currentTree ├── internal-slot@1.0.3
41 silly currentTree ├── ip-regex@2.1.0
41 silly currentTree ├── is-accessor-descriptor@1.0.0
41 silly currentTree ├── is-arrayish@0.2.1
41 silly currentTree ├── is-bigint@1.0.4
41 silly currentTree ├── is-boolean-object@1.1.2
41 silly currentTree ├── is-buffer@1.1.6
41 silly currentTree ├── is-callable@1.2.4
41 silly currentTree ├── is-ci@2.0.0
41 silly currentTree ├── is-core-module@2.9.0
41 silly currentTree ├── is-data-descriptor@1.0.0
41 silly currentTree ├── is-date-object@1.0.5
41 silly currentTree ├── is-descriptor@1.0.2
41 silly currentTree ├── is-docker@2.2.1
41 silly currentTree ├── is-extendable@1.0.1
41 silly currentTree ├── is-extglob@2.1.1
41 silly currentTree ├── is-fullwidth-code-point@3.0.0
41 silly currentTree ├── is-generator-fn@2.1.0
41 silly currentTree ├── is-glob@4.0.3
41 silly currentTree ├── is-negative-zero@2.0.2
41 silly currentTree ├── is-number-object@1.0.7
41 silly currentTree ├── is-number@7.0.0
41 silly currentTree ├── is-plain-object@2.0.4
41 silly currentTree ├── is-regex@1.1.4
41 silly currentTree ├── is-shared-array-buffer@1.0.2
41 silly currentTree ├── is-stream@2.0.1
41 silly currentTree ├── is-string@1.0.7
41 silly currentTree ├── is-symbol@1.0.4
41 silly currentTree ├── is-typedarray@1.0.0
41 silly currentTree ├── is-weakref@1.0.2
41 silly currentTree ├── is-windows@1.0.2
41 silly currentTree ├── is-wsl@2.2.0
41 silly currentTree ├── isarray@1.0.0
41 silly currentTree ├── isexe@2.0.0
41 silly currentTree ├── isobject@3.0.1
41 silly currentTree ├── isstream@0.1.2
41 silly currentTree ├── istanbul-lib-coverage@3.2.0
41 silly currentTree ├── istanbul-lib-instrument@4.0.3
41 silly currentTree ├─┬ istanbul-lib-report@3.0.0
41 silly currentTree │ ├── has-flag@4.0.0
41 silly currentTree │ └── supports-color@7.2.0
41 silly currentTree ├── istanbul-lib-source-maps@4.0.1
41 silly currentTree ├── istanbul-reports@3.1.4
41 silly currentTree ├── jest-changed-files@25.5.0
41 silly currentTree ├─┬ jest-cli@25.5.4
41 silly currentTree │ ├── ansi-styles@4.3.0
41 silly currentTree │ ├── chalk@3.0.0
41 silly currentTree │ ├── color-convert@2.0.1
41 silly currentTree │ ├── color-name@1.1.4
41 silly currentTree │ ├── has-flag@4.0.0
41 silly currentTree │ └── supports-color@7.2.0
41 silly currentTree ├─┬ jest-config@25.5.4
41 silly currentTree │ ├── ansi-styles@4.3.0
41 silly currentTree │ ├── chalk@3.0.0
41 silly currentTree │ ├── color-convert@2.0.1
41 silly currentTree │ ├── color-name@1.1.4
41 silly currentTree │ ├── has-flag@4.0.0
41 silly currentTree │ └── supports-color@7.2.0
41 silly currentTree ├─┬ jest-diff@25.5.0
41 silly currentTree │ ├── ansi-styles@4.3.0
41 silly currentTree │ ├── chalk@3.0.0
41 silly currentTree │ ├── color-convert@2.0.1
41 silly currentTree │ ├── color-name@1.1.4
41 silly currentTree │ ├── has-flag@4.0.0
41 silly currentTree │ └── supports-color@7.2.0
41 silly currentTree ├── jest-docblock@25.3.0
41 silly currentTree ├─┬ jest-each@25.5.0
41 silly currentTree │ ├── ansi-styles@4.3.0
41 silly currentTree │ ├── chalk@3.0.0
41 silly currentTree │ ├── color-convert@2.0.1
41 silly currentTree │ ├── color-name@1.1.4
41 silly currentTree │ ├── has-flag@4.0.0
41 silly currentTree │ └── supports-color@7.2.0
41 silly currentTree ├── jest-environment-jsdom@25.5.0
41 silly currentTree ├── jest-environment-node@25.5.0
41 silly currentTree ├── jest-get-type@25.2.6
41 silly currentTree ├─┬ jest-haste-map@25.5.1
41 silly currentTree │ └── which@2.0.2
41 silly currentTree ├─┬ jest-jasmine2@25.5.4
41 silly currentTree │ ├── ansi-styles@4.3.0
41 silly currentTree │ ├── chalk@3.0.0
41 silly currentTree │ ├── color-convert@2.0.1
41 silly currentTree │ ├── color-name@1.1.4
41 silly currentTree │ ├── has-flag@4.0.0
41 silly currentTree │ └── supports-color@7.2.0
41 silly currentTree ├── jest-leak-detector@25.5.0
41 silly currentTree ├─┬ jest-matcher-utils@25.5.0
41 silly currentTree │ ├── ansi-styles@4.3.0
41 silly currentTree │ ├── chalk@3.0.0
41 silly currentTree │ ├── color-convert@2.0.1
41 silly currentTree │ ├── color-name@1.1.4
41 silly currentTree │ ├── has-flag@4.0.0
41 silly currentTree │ └── supports-color@7.2.0
41 silly currentTree ├─┬ jest-message-util@25.5.0
41 silly currentTree │ ├── ansi-styles@4.3.0
41 silly currentTree │ ├── chalk@3.0.0
41 silly currentTree │ ├── color-convert@2.0.1
41 silly currentTree │ ├── color-name@1.1.4
41 silly currentTree │ ├── has-flag@4.0.0
41 silly currentTree │ └── supports-color@7.2.0
41 silly currentTree ├── jest-mock@25.5.0
41 silly currentTree ├── jest-pnp-resolver@1.2.2
41 silly currentTree ├── jest-regex-util@25.2.6
41 silly currentTree ├── jest-resolve-dependencies@25.5.4
41 silly currentTree ├─┬ jest-resolve@25.5.1
41 silly currentTree │ ├── ansi-styles@4.3.0
41 silly currentTree │ ├── chalk@3.0.0
41 silly currentTree │ ├── color-convert@2.0.1
41 silly currentTree │ ├── color-name@1.1.4
41 silly currentTree │ ├── has-flag@4.0.0
41 silly currentTree │ └── supports-color@7.2.0
41 silly currentTree ├─┬ jest-runner@25.5.4
41 silly currentTree │ ├── ansi-styles@4.3.0
41 silly currentTree │ ├── chalk@3.0.0
41 silly currentTree │ ├── color-convert@2.0.1
41 silly currentTree │ ├── color-name@1.1.4
41 silly currentTree │ ├── has-flag@4.0.0
41 silly currentTree │ └── supports-color@7.2.0
41 silly currentTree ├─┬ jest-runtime@25.5.4
41 silly currentTree │ ├── ansi-styles@4.3.0
41 silly currentTree │ ├── chalk@3.0.0
41 silly currentTree │ ├── color-convert@2.0.1
41 silly currentTree │ ├── color-name@1.1.4
41 silly currentTree │ ├── has-flag@4.0.0
41 silly currentTree │ └── supports-color@7.2.0
41 silly currentTree ├── jest-serializer@25.5.0
41 silly currentTree ├─┬ jest-snapshot@25.5.1
41 silly currentTree │ ├── ansi-styles@4.3.0
41 silly currentTree │ ├── chalk@3.0.0
41 silly currentTree │ ├── color-convert@2.0.1
41 silly currentTree │ ├── color-name@1.1.4
41 silly currentTree │ ├── has-flag@4.0.0
41 silly currentTree │ └── supports-color@7.2.0
41 silly currentTree ├─┬ jest-util@25.5.0
41 silly currentTree │ ├── ansi-styles@4.3.0
41 silly currentTree │ ├── chalk@3.0.0
41 silly currentTree │ ├── color-convert@2.0.1
41 silly currentTree │ ├── color-name@1.1.4
41 silly currentTree │ ├── has-flag@4.0.0
41 silly currentTree │ └── supports-color@7.2.0
41 silly currentTree ├─┬ jest-validate@25.5.0
41 silly currentTree │ ├── ansi-styles@4.3.0
41 silly currentTree │ ├── chalk@3.0.0
41 silly currentTree │ ├── color-convert@2.0.1
41 silly currentTree │ ├── color-name@1.1.4
41 silly currentTree │ ├── has-flag@4.0.0
41 silly currentTree │ └── supports-color@7.2.0
41 silly currentTree ├─┬ jest-watcher@25.5.0
41 silly currentTree │ ├── ansi-styles@4.3.0
41 silly currentTree │ ├── chalk@3.0.0
41 silly currentTree │ ├── color-convert@2.0.1
41 silly currentTree │ ├── color-name@1.1.4
41 silly currentTree │ ├── has-flag@4.0.0
41 silly currentTree │ └── supports-color@7.2.0
41 silly currentTree ├─┬ jest-worker@25.5.0
41 silly currentTree │ ├── has-flag@4.0.0
41 silly currentTree │ └── supports-color@7.2.0
41 silly currentTree ├── jest@25.2.3
41 silly currentTree ├── js-tokens@4.0.0
41 silly currentTree ├── js-yaml@3.14.1
41 silly currentTree ├── jsbn@0.1.1
41 silly currentTree ├── jsdom@15.2.1
41 silly currentTree ├── jsesc@2.5.2
41 silly currentTree ├── json-parse-even-better-errors@2.3.1
41 silly currentTree ├── json-schema-traverse@0.4.1
41 silly currentTree ├── json-schema@0.4.0
41 silly currentTree ├── json-stable-stringify-without-jsonify@1.0.1
41 silly currentTree ├── json-stringify-safe@5.0.1
41 silly currentTree ├── json5@2.2.1
41 silly currentTree ├── jsprim@1.4.2
41 silly currentTree ├── jsx-ast-utils@3.3.0
41 silly currentTree ├── kind-of@6.0.3
41 silly currentTree ├── kleur@3.0.3
41 silly currentTree ├── language-subtag-registry@0.3.21
41 silly currentTree ├── language-tags@1.0.5
41 silly currentTree ├── leven@3.1.0
41 silly currentTree ├── levn@0.3.0
41 silly currentTree ├── lines-and-columns@1.2.4
41 silly currentTree ├── locate-path@2.0.0
41 silly currentTree ├── lodash.merge@4.6.2
41 silly currentTree ├── lodash.sortby@4.7.0
41 silly currentTree ├── lodash.truncate@4.4.2
41 silly currentTree ├── lodash@4.17.21
41 silly currentTree ├── lolex@5.1.2
41 silly currentTree ├── loose-envify@1.4.0
41 silly currentTree ├── lru-cache@4.1.5
41 silly currentTree ├── make-dir@3.1.0
41 silly currentTree ├── makeerror@1.0.12
41 silly currentTree ├── map-cache@0.2.2
41 silly currentTree ├── map-visit@1.0.0
41 silly currentTree ├── merge-stream@2.0.0
41 silly currentTree ├── micromatch@4.0.5
41 silly currentTree ├── mime-db@1.52.0
41 silly currentTree ├── mime-types@2.1.35
41 silly currentTree ├── mimic-fn@2.1.0
41 silly currentTree ├── minimatch@3.1.2
41 silly currentTree ├── minimist@1.2.6
41 silly currentTree ├── mixin-deep@1.3.2
41 silly currentTree ├── mkdirp@0.5.6
41 silly currentTree ├── ms@2.1.2
41 silly currentTree ├── mute-stream@0.0.8
41 silly currentTree ├── nanomatch@1.2.13
41 silly currentTree ├── natural-compare@1.4.0
41 silly currentTree ├── nice-try@1.0.5
41 silly currentTree ├── node-int64@0.4.0
41 silly currentTree ├── node-notifier@6.0.0
41 silly currentTree ├── node-releases@2.0.4
41 silly currentTree ├─┬ normalize-package-data@2.5.0
41 silly currentTree │ └── semver@5.7.1
41 silly currentTree ├── normalize-path@3.0.0
41 silly currentTree ├─┬ npm-run-path@4.0.1
41 silly currentTree │ └── path-key@3.1.1
41 silly currentTree ├── nwsapi@2.2.0
41 silly currentTree ├── oauth-sign@0.9.0
41 silly currentTree ├── object-assign@4.1.1
41 silly currentTree ├─┬ object-copy@0.1.0
41 silly currentTree │ ├── define-property@0.2.5
41 silly currentTree │ ├── is-accessor-descriptor@0.1.6
41 silly currentTree │ ├── is-data-descriptor@0.1.4
41 silly currentTree │ ├─┬ is-descriptor@0.1.6
41 silly currentTree │ │ └── kind-of@5.1.0
41 silly currentTree │ └── kind-of@3.2.2
41 silly currentTree ├── object-inspect@1.12.0
41 silly currentTree ├── object-keys@1.1.1
41 silly currentTree ├── object-visit@1.0.1
41 silly currentTree ├── object.assign@4.1.2
41 silly currentTree ├── object.entries@1.1.5
41 silly currentTree ├── object.fromentries@2.0.5
41 silly currentTree ├── object.hasown@1.1.0
41 silly currentTree ├── object.pick@1.3.0
41 silly currentTree ├── object.values@1.1.5
41 silly currentTree ├── once@1.4.0
41 silly currentTree ├── onetime@5.1.2
41 silly currentTree ├── optionator@0.8.3
41 silly currentTree ├── os-tmpdir@1.0.2
41 silly currentTree ├── p-each-series@2.2.0
41 silly currentTree ├── p-finally@2.0.1
41 silly currentTree ├── p-limit@1.3.0
41 silly currentTree ├── p-locate@2.0.0
41 silly currentTree ├── p-try@1.0.0
41 silly currentTree ├── parent-module@1.0.1
41 silly currentTree ├── parse-json@5.2.0
41 silly currentTree ├── parse5@5.1.0
41 silly currentTree ├── pascalcase@0.1.1
41 silly currentTree ├── path-exists@3.0.0
41 silly currentTree ├── path-is-absolute@1.0.1
41 silly currentTree ├── path-key@2.0.1
41 silly currentTree ├── path-parse@1.0.7
41 silly currentTree ├── performance-now@2.1.0
41 silly currentTree ├── picocolors@1.0.0
41 silly currentTree ├── picomatch@2.3.1
41 silly currentTree ├── pirates@4.0.5
41 silly currentTree ├─┬ pkg-dir@4.2.0
41 silly currentTree │ ├── find-up@4.1.0
41 silly currentTree │ ├── locate-path@5.0.0
41 silly currentTree │ ├── p-limit@2.3.0
41 silly currentTree │ ├── p-locate@4.1.0
41 silly currentTree │ ├── p-try@2.2.0
41 silly currentTree │ └── path-exists@4.0.0
41 silly currentTree ├── pn@1.1.0
41 silly currentTree ├── posix-character-classes@0.1.1
41 silly currentTree ├── prelude-ls@1.1.2
41 silly currentTree ├─┬ pretty-format@25.5.0
41 silly currentTree │ ├── ansi-styles@4.3.0
41 silly currentTree │ ├── color-convert@2.0.1
41 silly currentTree │ └── color-name@1.1.4
41 silly currentTree ├── progress@2.0.3
41 silly currentTree ├── prompts@2.4.2
41 silly currentTree ├── prop-types@15.8.1
41 silly currentTree ├── pseudomap@1.0.2
41 silly currentTree ├── psl@1.8.0
41 silly currentTree ├── pump@3.0.0
41 silly currentTree ├── punycode@2.1.1
41 silly currentTree ├── qs@6.5.3
41 silly currentTree ├── react-is@16.13.1
41 silly currentTree ├─┬ read-pkg-up@7.0.1
41 silly currentTree │ ├── find-up@4.1.0
41 silly currentTree │ ├── locate-path@5.0.0
41 silly currentTree │ ├── p-limit@2.3.0
41 silly currentTree │ ├── p-locate@4.1.0
41 silly currentTree │ ├── p-try@2.2.0
41 silly currentTree │ └── path-exists@4.0.0
41 silly currentTree ├─┬ read-pkg@5.2.0
41 silly currentTree │ └── type-fest@0.6.0
41 silly currentTree ├── realpath-native@2.0.0
41 silly currentTree ├── regenerator-runtime@0.13.9
41 silly currentTree ├── regex-not@1.0.2
41 silly currentTree ├── regexp.prototype.flags@1.4.3
41 silly currentTree ├── regexpp@2.0.1
41 silly currentTree ├── remove-trailing-separator@1.1.0
41 silly currentTree ├── repeat-element@1.1.4
41 silly currentTree ├── repeat-string@1.6.1
41 silly currentTree ├── request-promise-core@1.1.4
41 silly currentTree ├─┬ request-promise-native@1.0.9
41 silly currentTree │ └── tough-cookie@2.5.0
41 silly currentTree ├─┬ request@2.88.2
41 silly currentTree │ └── tough-cookie@2.5.0
41 silly currentTree ├── require-directory@2.1.1
41 silly currentTree ├── require-from-string@2.0.2
41 silly currentTree ├── require-main-filename@2.0.0
41 silly currentTree ├─┬ resolve-cwd@3.0.0
41 silly currentTree │ └── resolve-from@5.0.0
41 silly currentTree ├── resolve-from@4.0.0
41 silly currentTree ├── resolve-url@0.2.1
41 silly currentTree ├── resolve@1.22.0
41 silly currentTree ├── restore-cursor@3.1.0
41 silly currentTree ├── ret@0.1.15
41 silly currentTree ├── rimraf@2.6.3
41 silly currentTree ├── rsvp@4.8.5
41 silly currentTree ├── run-async@2.4.1
41 silly currentTree ├── rxjs@6.6.7
41 silly currentTree ├── safe-buffer@5.1.2
41 silly currentTree ├── safe-regex@1.1.0
41 silly currentTree ├── safer-buffer@2.1.2
41 silly currentTree ├─┬ sane@4.1.0
41 silly currentTree │ ├── anymatch@2.0.0
41 silly currentTree │ ├─┬ braces@2.3.2
41 silly currentTree │ │ └── extend-shallow@2.0.1
41 silly currentTree │ ├── execa@1.0.0
41 silly currentTree │ ├─┬ fill-range@4.0.0
41 silly currentTree │ │ └── extend-shallow@2.0.1
41 silly currentTree │ ├── get-stream@4.1.0
41 silly currentTree │ ├── is-extendable@0.1.1
41 silly currentTree │ ├─┬ is-number@3.0.0
41 silly currentTree │ │ └── kind-of@3.2.2
41 silly currentTree │ ├── is-stream@1.1.0
41 silly currentTree │ ├── micromatch@3.1.10
41 silly currentTree │ ├── normalize-path@2.1.1
41 silly currentTree │ ├── npm-run-path@2.0.2
41 silly currentTree │ ├── p-finally@1.0.0
41 silly currentTree │ └── to-regex-range@2.1.1
41 silly currentTree ├── saxes@3.1.11
41 silly currentTree ├── semver@6.3.0
41 silly currentTree ├── set-blocking@2.0.0
41 silly currentTree ├─┬ set-value@2.0.1
41 silly currentTree │ ├── extend-shallow@2.0.1
41 silly currentTree │ └── is-extendable@0.1.1
41 silly currentTree ├── shebang-command@1.2.0
41 silly currentTree ├── shebang-regex@1.0.0
41 silly currentTree ├── shellwords@0.1.1
41 silly currentTree ├── side-channel@1.0.4
41 silly currentTree ├── sigmund@1.0.1
41 silly currentTree ├── signal-exit@3.0.7
41 silly currentTree ├── sisteransi@1.0.5
41 silly currentTree ├── slash@3.0.0
41 silly currentTree ├─┬ slice-ansi@2.1.0
41 silly currentTree │ └── is-fullwidth-code-point@2.0.0
41 silly currentTree ├─┬ snapdragon-node@2.1.1
41 silly currentTree │ └── define-property@1.0.0
41 silly currentTree ├─┬ snapdragon-util@3.0.1
41 silly currentTree │ └── kind-of@3.2.2
41 silly currentTree ├─┬ snapdragon@0.8.2
41 silly currentTree │ ├── debug@2.6.9
41 silly currentTree │ ├── define-property@0.2.5
41 silly currentTree │ ├── extend-shallow@2.0.1
41 silly currentTree │ ├─┬ is-accessor-descriptor@0.1.6
41 silly currentTree │ │ └── kind-of@3.2.2
41 silly currentTree │ ├─┬ is-data-descriptor@0.1.4
41 silly currentTree │ │ └── kind-of@3.2.2
41 silly currentTree │ ├── is-descriptor@0.1.6
41 silly currentTree │ ├── is-extendable@0.1.1
41 silly currentTree │ ├── kind-of@5.1.0
41 silly currentTree │ ├── ms@2.0.0
41 silly currentTree │ └── source-map@0.5.7
41 silly currentTree ├── source-map-resolve@0.5.3
41 silly currentTree ├── source-map-support@0.5.21
41 silly currentTree ├── source-map-url@0.4.1
41 silly currentTree ├── source-map@0.6.1
41 silly currentTree ├── spdx-correct@3.1.1
41 silly currentTree ├── spdx-exceptions@2.3.0
41 silly currentTree ├── spdx-expression-parse@3.0.1
41 silly currentTree ├── spdx-license-ids@3.0.11
41 silly currentTree ├── split-string@3.1.0
41 silly currentTree ├── sprintf-js@1.0.3
41 silly currentTree ├── sshpk@1.17.0
41 silly currentTree ├─┬ stack-utils@1.0.5
41 silly currentTree │ └── escape-string-regexp@2.0.0
41 silly currentTree ├─┬ static-extend@0.1.2
41 silly currentTree │ ├── define-property@0.2.5
41 silly currentTree │ ├─┬ is-accessor-descriptor@0.1.6
41 silly currentTree │ │ └── kind-of@3.2.2
41 silly currentTree │ ├─┬ is-data-descriptor@0.1.4
41 silly currentTree │ │ └── kind-of@3.2.2
41 silly currentTree │ ├── is-descriptor@0.1.6
41 silly currentTree │ └── kind-of@5.1.0
41 silly currentTree ├── stealthy-require@1.1.1
41 silly currentTree ├── string-length@3.1.0
41 silly currentTree ├─┬ string-width@4.2.3
41 silly currentTree │ ├── emoji-regex@8.0.0
41 silly currentTree │ └── strip-ansi@6.0.1
41 silly currentTree ├── string.prototype.matchall@4.0.7
41 silly currentTree ├── string.prototype.trimend@1.0.5
41 silly currentTree ├── string.prototype.trimstart@1.0.5
41 silly currentTree ├─┬ strip-ansi@5.2.0
41 silly currentTree │ └── ansi-regex@4.1.1
41 silly currentTree ├── strip-bom@4.0.0
41 silly currentTree ├── strip-eof@1.0.0
41 silly currentTree ├── strip-final-newline@2.0.0
41 silly currentTree ├── strip-json-comments@3.1.1
41 silly currentTree ├── supports-color@5.5.0
41 silly currentTree ├─┬ supports-hyperlinks@2.2.0
41 silly currentTree │ ├── has-flag@4.0.0
41 silly currentTree │ └── supports-color@7.2.0
41 silly currentTree ├── supports-preserve-symlinks-flag@1.0.0
41 silly currentTree ├── symbol-tree@3.2.4
41 silly currentTree ├─┬ table@5.4.6
41 silly currentTree │ ├── emoji-regex@7.0.3
41 silly currentTree │ ├── is-fullwidth-code-point@2.0.0
41 silly currentTree │ └── string-width@3.1.0
41 silly currentTree ├── terminal-link@2.1.1
41 silly currentTree ├── test-exclude@6.0.0
41 silly currentTree ├── text-table@0.2.0
41 silly currentTree ├── throat@5.0.0
41 silly currentTree ├── through@2.3.8
41 silly currentTree ├── tmp@0.0.33
41 silly currentTree ├── tmpl@1.0.5
41 silly currentTree ├── to-fast-properties@2.0.0
41 silly currentTree ├─┬ to-object-path@0.3.0
41 silly currentTree │ └── kind-of@3.2.2
41 silly currentTree ├── to-regex-range@5.0.1
41 silly currentTree ├── to-regex@3.0.2
41 silly currentTree ├── tough-cookie@3.0.1
41 silly currentTree ├── tr46@1.0.1
41 silly currentTree ├─┬ tsconfig-paths@3.14.1
41 silly currentTree │ ├── json5@1.0.1
41 silly currentTree │ └── strip-bom@3.0.0
41 silly currentTree ├── tslib@1.14.1
41 silly currentTree ├── tunnel-agent@0.6.0
41 silly currentTree ├── tweetnacl@0.14.5
41 silly currentTree ├── type-check@0.3.2
41 silly currentTree ├── type-detect@4.0.8
41 silly currentTree ├── type-fest@0.8.1
41 silly currentTree ├── typedarray-to-buffer@3.1.5
41 silly currentTree ├── unbox-primitive@1.0.2
41 silly currentTree ├─┬ union-value@1.0.1
41 silly currentTree │ └── is-extendable@0.1.1
41 silly currentTree ├─┬ unset-value@1.0.0
41 silly currentTree │ ├─┬ has-value@0.3.1
41 silly currentTree │ │ └── isobject@2.1.0
41 silly currentTree │ └── has-values@0.1.4
41 silly currentTree ├── uri-js@4.4.1
41 silly currentTree ├── urix@0.1.0
41 silly currentTree ├── use@3.1.1
41 silly currentTree ├── uuid@3.4.0
41 silly currentTree ├── v8-compile-cache@2.3.0
41 silly currentTree ├─┬ v8-to-istanbul@4.1.4
41 silly currentTree │ └── source-map@0.7.3
41 silly currentTree ├── validate-npm-package-license@3.0.4
41 silly currentTree ├── verror@1.10.0
41 silly currentTree ├── w3c-hr-time@1.0.2
41 silly currentTree ├── w3c-xmlserializer@1.1.2
41 silly currentTree ├── walker@1.0.8
41 silly currentTree ├── webidl-conversions@4.0.2
41 silly currentTree ├── whatwg-encoding@1.0.5
41 silly currentTree ├── whatwg-mimetype@2.3.0
41 silly currentTree ├── whatwg-url@7.1.0
41 silly currentTree ├── which-boxed-primitive@1.0.2
41 silly currentTree ├── which-module@2.0.0
41 silly currentTree ├── which@1.3.1
41 silly currentTree ├── word-wrap@1.2.3
41 silly currentTree ├─┬ wrap-ansi@6.2.0
41 silly currentTree │ ├── ansi-styles@4.3.0
41 silly currentTree │ ├── color-convert@2.0.1
41 silly currentTree │ ├── color-name@1.1.4
41 silly currentTree │ └── strip-ansi@6.0.1
41 silly currentTree ├── wrappy@1.0.2
41 silly currentTree ├── write-file-atomic@3.0.3
41 silly currentTree ├── write@1.0.3
41 silly currentTree ├── ws@7.5.7
41 silly currentTree ├── xml-name-validator@3.0.0
41 silly currentTree ├── xmlchars@2.2.0
41 silly currentTree ├── y18n@4.0.3
41 silly currentTree ├── yallist@2.1.2
41 silly currentTree ├── yargs-parser@18.1.3
41 silly currentTree └─┬ yargs@15.4.1
41 silly currentTree   ├── find-up@4.1.0
41 silly currentTree   ├── locate-path@5.0.0
41 silly currentTree   ├── p-limit@2.3.0
41 silly currentTree   ├── p-locate@4.1.0
41 silly currentTree   ├── p-try@2.2.0
41 silly currentTree   └── path-exists@4.0.0
42 silly idealTree block8-project-zoo-functions@1.0.0
42 silly idealTree ├── @ampproject/remapping@2.2.0
42 silly idealTree ├── @babel/code-frame@7.16.7
42 silly idealTree ├── @babel/compat-data@7.17.10
42 silly idealTree ├── @babel/core@7.17.10
42 silly idealTree ├── @babel/generator@7.17.10
42 silly idealTree ├── @babel/helper-compilation-targets@7.17.10
42 silly idealTree ├── @babel/helper-environment-visitor@7.16.7
42 silly idealTree ├── @babel/helper-function-name@7.17.9
42 silly idealTree ├── @babel/helper-hoist-variables@7.16.7
42 silly idealTree ├── @babel/helper-module-imports@7.16.7
42 silly idealTree ├── @babel/helper-module-transforms@7.17.7
42 silly idealTree ├── @babel/helper-plugin-utils@7.16.7
42 silly idealTree ├── @babel/helper-simple-access@7.17.7
42 silly idealTree ├── @babel/helper-split-export-declaration@7.16.7
42 silly idealTree ├── @babel/helper-validator-identifier@7.16.7
42 silly idealTree ├── @babel/helper-validator-option@7.16.7
42 silly idealTree ├── @babel/helpers@7.17.9
42 silly idealTree ├── @babel/highlight@7.17.9
42 silly idealTree ├── @babel/parser@7.17.10
42 silly idealTree ├── @babel/plugin-syntax-async-generators@7.8.4
42 silly idealTree ├── @babel/plugin-syntax-bigint@7.8.3
42 silly idealTree ├── @babel/plugin-syntax-class-properties@7.12.13
42 silly idealTree ├── @babel/plugin-syntax-import-meta@7.10.4
42 silly idealTree ├── @babel/plugin-syntax-json-strings@7.8.3
42 silly idealTree ├── @babel/plugin-syntax-logical-assignment-operators@7.10.4
42 silly idealTree ├── @babel/plugin-syntax-nullish-coalescing-operator@7.8.3
42 silly idealTree ├── @babel/plugin-syntax-numeric-separator@7.10.4
42 silly idealTree ├── @babel/plugin-syntax-object-rest-spread@7.8.3
42 silly idealTree ├── @babel/plugin-syntax-optional-catch-binding@7.8.3
42 silly idealTree ├── @babel/plugin-syntax-optional-chaining@7.8.3
42 silly idealTree ├── @babel/runtime-corejs3@7.17.9
42 silly idealTree ├── @babel/runtime@7.17.9
42 silly idealTree ├── @babel/template@7.16.7
42 silly idealTree ├─┬ @babel/traverse@7.17.10
42 silly idealTree │ └── globals@11.12.0
42 silly idealTree ├── @babel/types@7.17.10
42 silly idealTree ├── @bcoe/v8-coverage@0.2.3
42 silly idealTree ├── @cnakazawa/watch@1.0.4
42 silly idealTree ├─┬ @eslint/eslintrc@0.4.3
42 silly idealTree │ ├── espree@7.3.1
42 silly idealTree │ ├── globals@13.13.0
42 silly idealTree │ └── type-fest@0.20.2
42 silly idealTree ├── @humanwhocodes/config-array@0.5.0
42 silly idealTree ├── @humanwhocodes/object-schema@1.2.1
42 silly idealTree ├─┬ @istanbuljs/load-nyc-config@1.1.0
42 silly idealTree │ ├── find-up@4.1.0
42 silly idealTree │ ├── locate-path@5.0.0
42 silly idealTree │ ├── p-limit@2.3.0
42 silly idealTree │ ├── p-locate@4.1.0
42 silly idealTree │ ├── p-try@2.2.0
42 silly idealTree │ ├── path-exists@4.0.0
42 silly idealTree │ └── resolve-from@5.0.0
42 silly idealTree ├── @istanbuljs/schema@0.1.3
42 silly idealTree ├─┬ @jest/console@25.5.0
42 silly idealTree │ ├── ansi-styles@4.3.0
42 silly idealTree │ ├── chalk@3.0.0
42 silly idealTree │ ├── color-convert@2.0.1
42 silly idealTree │ ├── color-name@1.1.4
42 silly idealTree │ ├── has-flag@4.0.0
42 silly idealTree │ └── supports-color@7.2.0
42 silly idealTree ├─┬ @jest/core@25.5.4
42 silly idealTree │ ├── ansi-styles@4.3.0
42 silly idealTree │ ├── chalk@3.0.0
42 silly idealTree │ ├── color-convert@2.0.1
42 silly idealTree │ ├── color-name@1.1.4
42 silly idealTree │ ├── has-flag@4.0.0
42 silly idealTree │ ├── rimraf@3.0.2
42 silly idealTree │ ├── strip-ansi@6.0.1
42 silly idealTree │ └── supports-color@7.2.0
42 silly idealTree ├── @jest/environment@25.5.0
42 silly idealTree ├── @jest/fake-timers@25.5.0
42 silly idealTree ├── @jest/globals@25.5.2
42 silly idealTree ├─┬ @jest/reporters@25.5.1
42 silly idealTree │ ├── ansi-styles@4.3.0
42 silly idealTree │ ├── chalk@3.0.0
42 silly idealTree │ ├── color-convert@2.0.1
42 silly idealTree │ ├── color-name@1.1.4
42 silly idealTree │ ├── has-flag@4.0.0
42 silly idealTree │ └── supports-color@7.2.0
42 silly idealTree ├── @jest/source-map@25.5.0
42 silly idealTree ├── @jest/test-result@25.5.0
42 silly idealTree ├── @jest/test-sequencer@25.5.4
42 silly idealTree ├─┬ @jest/transform@25.5.1
42 silly idealTree │ ├── ansi-styles@4.3.0
42 silly idealTree │ ├── chalk@3.0.0
42 silly idealTree │ ├── color-convert@2.0.1
42 silly idealTree │ ├── color-name@1.1.4
42 silly idealTree │ ├── has-flag@4.0.0
42 silly idealTree │ └── supports-color@7.2.0
42 silly idealTree ├─┬ @jest/types@25.5.0
42 silly idealTree │ ├── ansi-styles@4.3.0
42 silly idealTree │ ├── chalk@3.0.0
42 silly idealTree │ ├── color-convert@2.0.1
42 silly idealTree │ ├── color-name@1.1.4
42 silly idealTree │ ├── has-flag@4.0.0
42 silly idealTree │ └── supports-color@7.2.0
42 silly idealTree ├── @jridgewell/gen-mapping@0.1.1
42 silly idealTree ├── @jridgewell/resolve-uri@3.0.6
42 silly idealTree ├── @jridgewell/set-array@1.1.0
42 silly idealTree ├── @jridgewell/sourcemap-codec@1.4.12
42 silly idealTree ├── @jridgewell/trace-mapping@0.3.9
42 silly idealTree ├── @sinonjs/commons@1.8.3
42 silly idealTree ├── @types/babel__core@7.1.19
42 silly idealTree ├── @types/babel__generator@7.6.4
42 silly idealTree ├── @types/babel__template@7.4.1
42 silly idealTree ├── @types/babel__traverse@7.17.1
42 silly idealTree ├── @types/graceful-fs@4.1.5
42 silly idealTree ├── @types/istanbul-lib-coverage@2.0.4
42 silly idealTree ├── @types/istanbul-lib-report@3.0.0
42 silly idealTree ├── @types/istanbul-reports@1.1.2
42 silly idealTree ├── @types/json5@0.0.29
42 silly idealTree ├── @types/node@17.0.31
42 silly idealTree ├── @types/normalize-package-data@2.4.1
42 silly idealTree ├── @types/prettier@1.19.1
42 silly idealTree ├── @types/stack-utils@1.0.1
42 silly idealTree ├── @types/yargs-parser@21.0.0
42 silly idealTree ├── @types/yargs@15.0.14
42 silly idealTree ├── abab@2.0.6
42 silly idealTree ├─┬ acorn-globals@4.3.4
42 silly idealTree │ └── acorn@6.4.2
42 silly idealTree ├── acorn-jsx@5.3.2
42 silly idealTree ├── acorn-walk@6.2.0
42 silly idealTree ├── acorn@7.4.1
42 silly idealTree ├── ajv@6.12.6
42 silly idealTree ├── ansi-colors@4.1.1
42 silly idealTree ├─┬ ansi-escapes@4.3.2
42 silly idealTree │ └── type-fest@0.21.3
42 silly idealTree ├── ansi-regex@5.0.1
42 silly idealTree ├── ansi-styles@3.2.1
42 silly idealTree ├── anymatch@3.1.2
42 silly idealTree ├── argparse@1.0.10
42 silly idealTree ├── aria-query@4.2.2
42 silly idealTree ├── arr-diff@4.0.0
42 silly idealTree ├── arr-flatten@1.1.0
42 silly idealTree ├── arr-union@3.1.0
42 silly idealTree ├── array-equal@1.0.0
42 silly idealTree ├── array-includes@3.1.4
42 silly idealTree ├── array-unique@0.3.2
42 silly idealTree ├── array.prototype.flat@1.3.0
42 silly idealTree ├── array.prototype.flatmap@1.3.0
42 silly idealTree ├── asn1@0.2.6
42 silly idealTree ├── assert-plus@1.0.0
42 silly idealTree ├── assign-symbols@1.0.0
42 silly idealTree ├── ast-types-flow@0.0.7
42 silly idealTree ├── astral-regex@1.0.0
42 silly idealTree ├── asynckit@0.4.0
42 silly idealTree ├── atob@2.1.2
42 silly idealTree ├── aws-sign2@0.7.0
42 silly idealTree ├── aws4@1.11.0
42 silly idealTree ├── axe-core@4.4.1
42 silly idealTree ├── axobject-query@2.2.0
42 silly idealTree ├─┬ babel-jest@25.5.1
42 silly idealTree │ ├── ansi-styles@4.3.0
42 silly idealTree │ ├── chalk@3.0.0
42 silly idealTree │ ├── color-convert@2.0.1
42 silly idealTree │ ├── color-name@1.1.4
42 silly idealTree │ ├── has-flag@4.0.0
42 silly idealTree │ └── supports-color@7.2.0
42 silly idealTree ├─┬ babel-plugin-istanbul@6.1.1
42 silly idealTree │ └── istanbul-lib-instrument@5.2.0
42 silly idealTree ├── babel-plugin-jest-hoist@25.5.0
42 silly idealTree ├── babel-preset-current-node-syntax@0.1.4
42 silly idealTree ├── babel-preset-jest@25.5.0
42 silly idealTree ├── balanced-match@1.0.2
42 silly idealTree ├─┬ base@0.11.2
42 silly idealTree │ └── define-property@1.0.0
42 silly idealTree ├── bcrypt-pbkdf@1.0.2
42 silly idealTree ├── brace-expansion@1.1.11
42 silly idealTree ├── braces@3.0.2
42 silly idealTree ├── browser-process-hrtime@1.0.0
42 silly idealTree ├─┬ browser-resolve@1.11.3
42 silly idealTree │ └── resolve@1.1.7
42 silly idealTree ├── browserslist@4.20.3
42 silly idealTree ├── bser@2.1.1
42 silly idealTree ├── buffer-from@1.1.2
42 silly idealTree ├── cache-base@1.0.1
42 silly idealTree ├── call-bind@1.0.2
42 silly idealTree ├── callsites@3.1.0
42 silly idealTree ├── camelcase@5.3.1
42 silly idealTree ├── caniuse-lite@1.0.30001335
42 silly idealTree ├── capture-exit@2.0.0
42 silly idealTree ├── caseless@0.12.0
42 silly idealTree ├── chalk@2.4.2
42 silly idealTree ├── chardet@0.7.0
42 silly idealTree ├── ci-info@2.0.0
42 silly idealTree ├─┬ class-utils@0.3.6
42 silly idealTree │ ├── define-property@0.2.5
42 silly idealTree │ ├─┬ is-accessor-descriptor@0.1.6
42 silly idealTree │ │ └── kind-of@3.2.2
42 silly idealTree │ ├─┬ is-data-descriptor@0.1.4
42 silly idealTree │ │ └── kind-of@3.2.2
42 silly idealTree │ ├── is-descriptor@0.1.6
42 silly idealTree │ └── kind-of@5.1.0
42 silly idealTree ├── cli-cursor@3.1.0
42 silly idealTree ├── cli-width@3.0.0
42 silly idealTree ├─┬ cliui@6.0.0
42 silly idealTree │ └── strip-ansi@6.0.1
42 silly idealTree ├── co@4.6.0
42 silly idealTree ├── collect-v8-coverage@1.0.1
42 silly idealTree ├── collection-visit@1.0.0
42 silly idealTree ├── color-convert@1.9.3
42 silly idealTree ├── color-name@1.1.3
42 silly idealTree ├── combined-stream@1.0.8
42 silly idealTree ├── commander@2.20.3
42 silly idealTree ├── component-emitter@1.3.0
42 silly idealTree ├── concat-map@0.0.1
42 silly idealTree ├── confusing-browser-globals@1.0.11
42 silly idealTree ├── convert-source-map@1.8.0
42 silly idealTree ├── copy-descriptor@0.1.1
42 silly idealTree ├── core-js-pure@3.22.4
42 silly idealTree ├── core-util-is@1.0.2
42 silly idealTree ├─┬ cross-spawn@6.0.5
42 silly idealTree │ └── semver@5.7.1
42 silly idealTree ├── cssom@0.4.4
42 silly idealTree ├─┬ cssstyle@2.3.0
42 silly idealTree │ └── cssom@0.3.8
42 silly idealTree ├── damerau-levenshtein@1.0.8
42 silly idealTree ├── dashdash@1.14.1
42 silly idealTree ├── data-urls@1.1.0
42 silly idealTree ├── debug@4.3.4
42 silly idealTree ├── decamelize@1.2.0
42 silly idealTree ├── decode-uri-component@0.2.0
42 silly idealTree ├── deep-is@0.1.4
42 silly idealTree ├── deepmerge@4.2.2
42 silly idealTree ├── define-properties@1.1.4
42 silly idealTree ├── define-property@2.0.2
42 silly idealTree ├── delayed-stream@1.0.0
42 silly idealTree ├── detect-newline@3.1.0
42 silly idealTree ├── diff-sequences@25.2.6
42 silly idealTree ├── doctrine@3.0.0
42 silly idealTree ├── domexception@1.0.1
42 silly idealTree ├── ecc-jsbn@0.1.2
42 silly idealTree ├─┬ editorconfig@0.15.3
42 silly idealTree │ └── semver@5.7.1
42 silly idealTree ├── electron-to-chromium@1.4.131
42 silly idealTree ├── emoji-regex@9.2.2
42 silly idealTree ├── end-of-stream@1.4.4
42 silly idealTree ├── enquirer@2.3.6
42 silly idealTree ├── error-ex@1.3.2
42 silly idealTree ├── es-abstract@1.19.5
42 silly idealTree ├── es-shim-unscopables@1.0.0
42 silly idealTree ├── es-to-primitive@1.2.1
42 silly idealTree ├── escalade@3.1.1
42 silly idealTree ├── escape-string-regexp@1.0.5
42 silly idealTree ├─┬ escodegen@1.14.3
42 silly idealTree │ └── estraverse@4.3.0
42 silly idealTree ├── eslint-config-airbnb-base@14.2.1
42 silly idealTree ├── eslint-config-airbnb@18.2.1
42 silly idealTree ├── eslint-config-trybe-fundamentals@1.1.0
42 silly idealTree ├─┬ eslint-import-resolver-node@0.3.6
42 silly idealTree │ └── debug@3.2.7
42 silly idealTree ├─┬ eslint-module-utils@2.7.3
42 silly idealTree │ └── debug@3.2.7
42 silly idealTree ├─┬ eslint-plugin-editorconfig@2.1.3
42 silly idealTree │ ├── @babel/code-frame@7.12.11
42 silly idealTree │ ├── ansi-styles@4.3.0
42 silly idealTree │ ├── astral-regex@2.0.0
42 silly idealTree │ ├── chalk@4.1.2
42 silly idealTree │ ├── color-convert@2.0.1
42 silly idealTree │ ├── color-name@1.1.4
42 silly idealTree │ ├── cross-spawn@7.0.3
42 silly idealTree │ ├── escape-string-regexp@4.0.0
42 silly idealTree │ ├── eslint-utils@2.1.0
42 silly idealTree │ ├─┬ eslint@7.32.0
42 silly idealTree │ │ └── eslint-visitor-keys@2.1.0
42 silly idealTree │ ├── espree@7.3.1
42 silly idealTree │ ├── file-entry-cache@6.0.1
42 silly idealTree │ ├── flat-cache@3.0.4
42 silly idealTree │ ├── flatted@3.2.5
42 silly idealTree │ ├── globals@13.13.0
42 silly idealTree │ ├── has-flag@4.0.0
42 silly idealTree │ ├── json-schema-traverse@1.0.0
42 silly idealTree │ ├── levn@0.4.1
42 silly idealTree │ ├── lru-cache@6.0.0
42 silly idealTree │ ├── optionator@0.9.1
42 silly idealTree │ ├── path-key@3.1.1
42 silly idealTree │ ├── prelude-ls@1.2.1
42 silly idealTree │ ├── regexpp@3.2.0
42 silly idealTree │ ├── rimraf@3.0.2
42 silly idealTree │ ├── semver@7.3.7
42 silly idealTree │ ├── shebang-command@2.0.0
42 silly idealTree │ ├── shebang-regex@3.0.0
42 silly idealTree │ ├── slice-ansi@4.0.0
42 silly idealTree │ ├── strip-ansi@6.0.1
42 silly idealTree │ ├── supports-color@7.2.0
42 silly idealTree │ ├─┬ table@6.8.0
42 silly idealTree │ │ └── ajv@8.11.0
42 silly idealTree │ ├── type-check@0.4.0
42 silly idealTree │ ├── type-fest@0.20.2
42 silly idealTree │ ├── which@2.0.2
42 silly idealTree │ └── yallist@4.0.0
42 silly idealTree ├─┬ eslint-plugin-import@2.26.0
42 silly idealTree │ ├── debug@2.6.9
42 silly idealTree │ ├── doctrine@2.1.0
42 silly idealTree │ └── ms@2.0.0
42 silly idealTree ├── eslint-plugin-jsx-a11y@6.5.1
42 silly idealTree ├── eslint-plugin-react-hooks@4.5.0
42 silly idealTree ├─┬ eslint-plugin-react@7.29.4
42 silly idealTree │ ├── doctrine@2.1.0
42 silly idealTree │ └── resolve@2.0.0-next.3
42 silly idealTree ├── eslint-plugin-sonarjs@0.5.0
42 silly idealTree ├─┬ eslint-scope@5.1.1
42 silly idealTree │ └── estraverse@4.3.0
42 silly idealTree ├── eslint-utils@1.4.3
42 silly idealTree ├── eslint-visitor-keys@1.3.0
42 silly idealTree ├── eslint@6.8.0
42 silly idealTree ├── espree@6.2.1
42 silly idealTree ├── esprima@4.0.1
42 silly idealTree ├── esquery@1.4.0
42 silly idealTree ├── esrecurse@4.3.0
42 silly idealTree ├── estraverse@5.3.0
42 silly idealTree ├── esutils@2.0.3
42 silly idealTree ├── exec-sh@0.3.6
42 silly idealTree ├─┬ execa@3.4.0
42 silly idealTree │ ├── cross-spawn@7.0.3
42 silly idealTree │ ├── path-key@3.1.1
42 silly idealTree │ ├── shebang-command@2.0.0
42 silly idealTree │ ├── shebang-regex@3.0.0
42 silly idealTree │ └── which@2.0.2
42 silly idealTree ├── exit@0.1.2
42 silly idealTree ├─┬ expand-brackets@2.1.4
42 silly idealTree │ ├── debug@2.6.9
42 silly idealTree │ ├── define-property@0.2.5
42 silly idealTree │ ├── extend-shallow@2.0.1
42 silly idealTree │ ├─┬ is-accessor-descriptor@0.1.6
42 silly idealTree │ │ └── kind-of@3.2.2
42 silly idealTree │ ├─┬ is-data-descriptor@0.1.4
42 silly idealTree │ │ └── kind-of@3.2.2
42 silly idealTree │ ├── is-descriptor@0.1.6
42 silly idealTree │ ├── is-extendable@0.1.1
42 silly idealTree │ ├── kind-of@5.1.0
42 silly idealTree │ └── ms@2.0.0
42 silly idealTree ├─┬ expect@25.5.0
42 silly idealTree │ ├── ansi-styles@4.3.0
42 silly idealTree │ ├── color-convert@2.0.1
42 silly idealTree │ └── color-name@1.1.4
42 silly idealTree ├── extend-shallow@3.0.2
42 silly idealTree ├── extend@3.0.2
42 silly idealTree ├── external-editor@3.1.0
42 silly idealTree ├─┬ extglob@2.0.4
42 silly idealTree │ ├── define-property@1.0.0
42 silly idealTree │ ├── extend-shallow@2.0.1
42 silly idealTree │ └── is-extendable@0.1.1
42 silly idealTree ├── extsprintf@1.3.0
42 silly idealTree ├── faker@5.5.3
42 silly idealTree ├── fast-deep-equal@3.1.3
42 silly idealTree ├── fast-json-stable-stringify@2.1.0
42 silly idealTree ├── fast-levenshtein@2.0.6
42 silly idealTree ├── fb-watchman@2.0.1
42 silly idealTree ├── figures@3.2.0
42 silly idealTree ├── file-entry-cache@5.0.1
42 silly idealTree ├── fill-range@7.0.1
42 silly idealTree ├── find-up@2.1.0
42 silly idealTree ├── flat-cache@2.0.1
42 silly idealTree ├── flatted@2.0.2
42 silly idealTree ├── for-in@1.0.2
42 silly idealTree ├── forever-agent@0.6.1
42 silly idealTree ├── form-data@2.3.3
42 silly idealTree ├── fragment-cache@0.2.1
42 silly idealTree ├── fs.realpath@1.0.0
42 silly idealTree ├── function-bind@1.1.1
42 silly idealTree ├── functional-red-black-tree@1.0.1
42 silly idealTree ├── functions-have-names@1.2.3
42 silly idealTree ├── gensync@1.0.0-beta.2
42 silly idealTree ├── get-caller-file@2.0.5
42 silly idealTree ├── get-intrinsic@1.1.1
42 silly idealTree ├── get-package-type@0.1.0
42 silly idealTree ├── get-stream@5.2.0
42 silly idealTree ├── get-symbol-description@1.0.0
42 silly idealTree ├── get-value@2.0.6
42 silly idealTree ├── getpass@0.1.7
42 silly idealTree ├── glob-parent@5.1.2
42 silly idealTree ├── glob@7.2.0
42 silly idealTree ├── globals@12.4.0
42 silly idealTree ├── graceful-fs@4.2.10
42 silly idealTree ├── growly@1.3.0
42 silly idealTree ├── har-schema@2.0.0
42 silly idealTree ├── har-validator@5.1.5
42 silly idealTree ├── has-bigints@1.0.2
42 silly idealTree ├── has-flag@3.0.0
42 silly idealTree ├── has-property-descriptors@1.0.0
42 silly idealTree ├── has-symbols@1.0.3
42 silly idealTree ├── has-tostringtag@1.0.0
42 silly idealTree ├── has-value@1.0.0
42 silly idealTree ├─┬ has-values@1.0.0
42 silly idealTree │ ├─┬ is-number@3.0.0
42 silly idealTree │ │ └── kind-of@3.2.2
42 silly idealTree │ └── kind-of@4.0.0
42 silly idealTree ├── has@1.0.3
42 silly idealTree ├── hosted-git-info@2.8.9
42 silly idealTree ├── html-encoding-sniffer@1.0.2
42 silly idealTree ├── html-escaper@2.0.2
42 silly idealTree ├── http-signature@1.2.0
42 silly idealTree ├── human-signals@1.1.1
42 silly idealTree ├── iconv-lite@0.4.24
42 silly idealTree ├── ignore@4.0.6
42 silly idealTree ├── import-fresh@3.3.0
42 silly idealTree ├── import-local@3.1.0
42 silly idealTree ├── imurmurhash@0.1.4
42 silly idealTree ├── inflight@1.0.6
42 silly idealTree ├── inherits@2.0.4
42 silly idealTree ├─┬ inquirer@7.3.3
42 silly idealTree │ ├── ansi-styles@4.3.0
42 silly idealTree │ ├── chalk@4.1.2
42 silly idealTree │ ├── color-convert@2.0.1
42 silly idealTree │ ├── color-name@1.1.4
42 silly idealTree │ ├── has-flag@4.0.0
42 silly idealTree │ ├── strip-ansi@6.0.1
42 silly idealTree │ └── supports-color@7.2.0
42 silly idealTree ├── internal-slot@1.0.3
42 silly idealTree ├── ip-regex@2.1.0
42 silly idealTree ├── is-accessor-descriptor@1.0.0
42 silly idealTree ├── is-arrayish@0.2.1
42 silly idealTree ├── is-bigint@1.0.4
42 silly idealTree ├── is-boolean-object@1.1.2
42 silly idealTree ├── is-buffer@1.1.6
42 silly idealTree ├── is-callable@1.2.4
42 silly idealTree ├── is-ci@2.0.0
42 silly idealTree ├── is-core-module@2.9.0
42 silly idealTree ├── is-data-descriptor@1.0.0
42 silly idealTree ├── is-date-object@1.0.5
42 silly idealTree ├── is-descriptor@1.0.2
42 silly idealTree ├── is-docker@2.2.1
42 silly idealTree ├── is-extendable@1.0.1
42 silly idealTree ├── is-extglob@2.1.1
42 silly idealTree ├── is-fullwidth-code-point@3.0.0
42 silly idealTree ├── is-generator-fn@2.1.0
42 silly idealTree ├── is-glob@4.0.3
42 silly idealTree ├── is-negative-zero@2.0.2
42 silly idealTree ├── is-number-object@1.0.7
42 silly idealTree ├── is-number@7.0.0
42 silly idealTree ├── is-plain-object@2.0.4
42 silly idealTree ├── is-regex@1.1.4
42 silly idealTree ├── is-shared-array-buffer@1.0.2
42 silly idealTree ├── is-stream@2.0.1
42 silly idealTree ├── is-string@1.0.7
42 silly idealTree ├── is-symbol@1.0.4
42 silly idealTree ├── is-typedarray@1.0.0
42 silly idealTree ├── is-weakref@1.0.2
42 silly idealTree ├── is-windows@1.0.2
42 silly idealTree ├── is-wsl@2.2.0
42 silly idealTree ├── isarray@1.0.0
42 silly idealTree ├── isexe@2.0.0
42 silly idealTree ├── isobject@3.0.1
42 silly idealTree ├── isstream@0.1.2
42 silly idealTree ├── istanbul-lib-coverage@3.2.0
42 silly idealTree ├── istanbul-lib-instrument@4.0.3
42 silly idealTree ├─┬ istanbul-lib-report@3.0.0
42 silly idealTree │ ├── has-flag@4.0.0
42 silly idealTree │ └── supports-color@7.2.0
42 silly idealTree ├── istanbul-lib-source-maps@4.0.1
42 silly idealTree ├── istanbul-reports@3.1.4
42 silly idealTree ├── jest-changed-files@25.5.0
42 silly idealTree ├─┬ jest-cli@25.5.4
42 silly idealTree │ ├── ansi-styles@4.3.0
42 silly idealTree │ ├── chalk@3.0.0
42 silly idealTree │ ├── color-convert@2.0.1
42 silly idealTree │ ├── color-name@1.1.4
42 silly idealTree │ ├── has-flag@4.0.0
42 silly idealTree │ └── supports-color@7.2.0
42 silly idealTree ├─┬ jest-config@25.5.4
42 silly idealTree │ ├── ansi-styles@4.3.0
42 silly idealTree │ ├── chalk@3.0.0
42 silly idealTree │ ├── color-convert@2.0.1
42 silly idealTree │ ├── color-name@1.1.4
42 silly idealTree │ ├── has-flag@4.0.0
42 silly idealTree │ └── supports-color@7.2.0
42 silly idealTree ├─┬ jest-diff@25.5.0
42 silly idealTree │ ├── ansi-styles@4.3.0
42 silly idealTree │ ├── chalk@3.0.0
42 silly idealTree │ ├── color-convert@2.0.1
42 silly idealTree │ ├── color-name@1.1.4
42 silly idealTree │ ├── has-flag@4.0.0
42 silly idealTree │ └── supports-color@7.2.0
42 silly idealTree ├── jest-docblock@25.3.0
42 silly idealTree ├─┬ jest-each@25.5.0
42 silly idealTree │ ├── ansi-styles@4.3.0
42 silly idealTree │ ├── chalk@3.0.0
42 silly idealTree │ ├── color-convert@2.0.1
42 silly idealTree │ ├── color-name@1.1.4
42 silly idealTree │ ├── has-flag@4.0.0
42 silly idealTree │ └── supports-color@7.2.0
42 silly idealTree ├── jest-environment-jsdom@25.5.0
42 silly idealTree ├── jest-environment-node@25.5.0
42 silly idealTree ├── jest-get-type@25.2.6
42 silly idealTree ├─┬ jest-haste-map@25.5.1
42 silly idealTree │ └── which@2.0.2
42 silly idealTree ├─┬ jest-jasmine2@25.5.4
42 silly idealTree │ ├── ansi-styles@4.3.0
42 silly idealTree │ ├── chalk@3.0.0
42 silly idealTree │ ├── color-convert@2.0.1
42 silly idealTree │ ├── color-name@1.1.4
42 silly idealTree │ ├── has-flag@4.0.0
42 silly idealTree │ └── supports-color@7.2.0
42 silly idealTree ├── jest-leak-detector@25.5.0
42 silly idealTree ├─┬ jest-matcher-utils@25.5.0
42 silly idealTree │ ├── ansi-styles@4.3.0
42 silly idealTree │ ├── chalk@3.0.0
42 silly idealTree │ ├── color-convert@2.0.1
42 silly idealTree │ ├── color-name@1.1.4
42 silly idealTree │ ├── has-flag@4.0.0
42 silly idealTree │ └── supports-color@7.2.0
42 silly idealTree ├─┬ jest-message-util@25.5.0
42 silly idealTree │ ├── ansi-styles@4.3.0
42 silly idealTree │ ├── chalk@3.0.0
42 silly idealTree │ ├── color-convert@2.0.1
42 silly idealTree │ ├── color-name@1.1.4
42 silly idealTree │ ├── has-flag@4.0.0
42 silly idealTree │ └── supports-color@7.2.0
42 silly idealTree ├── jest-mock@25.5.0
42 silly idealTree ├── jest-pnp-resolver@1.2.2
42 silly idealTree ├── jest-regex-util@25.2.6
42 silly idealTree ├── jest-resolve-dependencies@25.5.4
42 silly idealTree ├─┬ jest-resolve@25.5.1
42 silly idealTree │ ├── ansi-styles@4.3.0
42 silly idealTree │ ├── chalk@3.0.0
42 silly idealTree │ ├── color-convert@2.0.1
42 silly idealTree │ ├── color-name@1.1.4
42 silly idealTree │ ├── has-flag@4.0.0
42 silly idealTree │ └── supports-color@7.2.0
42 silly idealTree ├─┬ jest-runner@25.5.4
42 silly idealTree │ ├── ansi-styles@4.3.0
42 silly idealTree │ ├── chalk@3.0.0
42 silly idealTree │ ├── color-convert@2.0.1
42 silly idealTree │ ├── color-name@1.1.4
42 silly idealTree │ ├── has-flag@4.0.0
42 silly idealTree │ └── supports-color@7.2.0
42 silly idealTree ├─┬ jest-runtime@25.5.4
42 silly idealTree │ ├── ansi-styles@4.3.0
42 silly idealTree │ ├── chalk@3.0.0
42 silly idealTree │ ├── color-convert@2.0.1
42 silly idealTree │ ├── color-name@1.1.4
42 silly idealTree │ ├── has-flag@4.0.0
42 silly idealTree │ └── supports-color@7.2.0
42 silly idealTree ├── jest-serializer@25.5.0
42 silly idealTree ├─┬ jest-snapshot@25.5.1
42 silly idealTree │ ├── ansi-styles@4.3.0
42 silly idealTree │ ├── chalk@3.0.0
42 silly idealTree │ ├── color-convert@2.0.1
42 silly idealTree │ ├── color-name@1.1.4
42 silly idealTree │ ├── has-flag@4.0.0
42 silly idealTree │ └── supports-color@7.2.0
42 silly idealTree ├─┬ jest-util@25.5.0
42 silly idealTree │ ├── ansi-styles@4.3.0
42 silly idealTree │ ├── chalk@3.0.0
42 silly idealTree │ ├── color-convert@2.0.1
42 silly idealTree │ ├── color-name@1.1.4
42 silly idealTree │ ├── has-flag@4.0.0
42 silly idealTree │ └── supports-color@7.2.0
42 silly idealTree ├─┬ jest-validate@25.5.0
42 silly idealTree │ ├── ansi-styles@4.3.0
42 silly idealTree │ ├── chalk@3.0.0
42 silly idealTree │ ├── color-convert@2.0.1
42 silly idealTree │ ├── color-name@1.1.4
42 silly idealTree │ ├── has-flag@4.0.0
42 silly idealTree │ └── supports-color@7.2.0
42 silly idealTree ├─┬ jest-watcher@25.5.0
42 silly idealTree │ ├── ansi-styles@4.3.0
42 silly idealTree │ ├── chalk@3.0.0
42 silly idealTree │ ├── color-convert@2.0.1
42 silly idealTree │ ├── color-name@1.1.4
42 silly idealTree │ ├── has-flag@4.0.0
42 silly idealTree │ └── supports-color@7.2.0
42 silly idealTree ├─┬ jest-worker@25.5.0
42 silly idealTree │ ├── has-flag@4.0.0
42 silly idealTree │ └── supports-color@7.2.0
42 silly idealTree ├── jest@25.2.3
42 silly idealTree ├── js-tokens@4.0.0
42 silly idealTree ├── js-yaml@3.14.1
42 silly idealTree ├── jsbn@0.1.1
42 silly idealTree ├── jsdom@15.2.1
42 silly idealTree ├── jsesc@2.5.2
42 silly idealTree ├── json-parse-even-better-errors@2.3.1
42 silly idealTree ├── json-schema-traverse@0.4.1
42 silly idealTree ├── json-schema@0.4.0
42 silly idealTree ├── json-stable-stringify-without-jsonify@1.0.1
42 silly idealTree ├── json-stringify-safe@5.0.1
42 silly idealTree ├── json5@2.2.1
42 silly idealTree ├── jsprim@1.4.2
42 silly idealTree ├── jsx-ast-utils@3.3.0
42 silly idealTree ├── kind-of@6.0.3
42 silly idealTree ├── kleur@3.0.3
42 silly idealTree ├── language-subtag-registry@0.3.21
42 silly idealTree ├── language-tags@1.0.5
42 silly idealTree ├── leven@3.1.0
42 silly idealTree ├── levn@0.3.0
42 silly idealTree ├── lines-and-columns@1.2.4
42 silly idealTree ├── locate-path@2.0.0
42 silly idealTree ├── lodash.merge@4.6.2
42 silly idealTree ├── lodash.sortby@4.7.0
42 silly idealTree ├── lodash.truncate@4.4.2
42 silly idealTree ├── lodash@4.17.21
42 silly idealTree ├── lolex@5.1.2
42 silly idealTree ├── loose-envify@1.4.0
42 silly idealTree ├── lru-cache@4.1.5
42 silly idealTree ├── make-dir@3.1.0
42 silly idealTree ├── makeerror@1.0.12
42 silly idealTree ├── map-cache@0.2.2
42 silly idealTree ├── map-visit@1.0.0
42 silly idealTree ├── merge-stream@2.0.0
42 silly idealTree ├── micromatch@4.0.5
42 silly idealTree ├── mime-db@1.52.0
42 silly idealTree ├── mime-types@2.1.35
42 silly idealTree ├── mimic-fn@2.1.0
42 silly idealTree ├── minimatch@3.1.2
42 silly idealTree ├── minimist@1.2.6
42 silly idealTree ├── mixin-deep@1.3.2
42 silly idealTree ├── mkdirp@0.5.6
42 silly idealTree ├── ms@2.1.2
42 silly idealTree ├── mute-stream@0.0.8
42 silly idealTree ├── nanomatch@1.2.13
42 silly idealTree ├── natural-compare@1.4.0
42 silly idealTree ├── nice-try@1.0.5
42 silly idealTree ├── node-int64@0.4.0
42 silly idealTree ├── node-notifier@6.0.0
42 silly idealTree ├── node-releases@2.0.4
42 silly idealTree ├─┬ normalize-package-data@2.5.0
42 silly idealTree │ └── semver@5.7.1
42 silly idealTree ├── normalize-path@3.0.0
42 silly idealTree ├─┬ npm-run-path@4.0.1
42 silly idealTree │ └── path-key@3.1.1
42 silly idealTree ├── nwsapi@2.2.0
42 silly idealTree ├── oauth-sign@0.9.0
42 silly idealTree ├── object-assign@4.1.1
42 silly idealTree ├─┬ object-copy@0.1.0
42 silly idealTree │ ├── define-property@0.2.5
42 silly idealTree │ ├── is-accessor-descriptor@0.1.6
42 silly idealTree │ ├── is-data-descriptor@0.1.4
42 silly idealTree │ ├─┬ is-descriptor@0.1.6
42 silly idealTree │ │ └── kind-of@5.1.0
42 silly idealTree │ └── kind-of@3.2.2
42 silly idealTree ├── object-inspect@1.12.0
42 silly idealTree ├── object-keys@1.1.1
42 silly idealTree ├── object-visit@1.0.1
42 silly idealTree ├── object.assign@4.1.2
42 silly idealTree ├── object.entries@1.1.5
42 silly idealTree ├── object.fromentries@2.0.5
42 silly idealTree ├── object.hasown@1.1.0
42 silly idealTree ├── object.pick@1.3.0
42 silly idealTree ├── object.values@1.1.5
42 silly idealTree ├── once@1.4.0
42 silly idealTree ├── onetime@5.1.2
42 silly idealTree ├── optionator@0.8.3
42 silly idealTree ├── os-tmpdir@1.0.2
42 silly idealTree ├── p-each-series@2.2.0
42 silly idealTree ├── p-finally@2.0.1
42 silly idealTree ├── p-limit@1.3.0
42 silly idealTree ├── p-locate@2.0.0
42 silly idealTree ├── p-try@1.0.0
42 silly idealTree ├── parent-module@1.0.1
42 silly idealTree ├── parse-json@5.2.0
42 silly idealTree ├── parse5@5.1.0
42 silly idealTree ├── pascalcase@0.1.1
42 silly idealTree ├── path-exists@3.0.0
42 silly idealTree ├── path-is-absolute@1.0.1
42 silly idealTree ├── path-key@2.0.1
42 silly idealTree ├── path-parse@1.0.7
42 silly idealTree ├── performance-now@2.1.0
42 silly idealTree ├── picocolors@1.0.0
42 silly idealTree ├── picomatch@2.3.1
42 silly idealTree ├── pirates@4.0.5
42 silly idealTree ├─┬ pkg-dir@4.2.0
42 silly idealTree │ ├── find-up@4.1.0
42 silly idealTree │ ├── locate-path@5.0.0
42 silly idealTree │ ├── p-limit@2.3.0
42 silly idealTree │ ├── p-locate@4.1.0
42 silly idealTree │ ├── p-try@2.2.0
42 silly idealTree │ └── path-exists@4.0.0
42 silly idealTree ├── pn@1.1.0
42 silly idealTree ├── posix-character-classes@0.1.1
42 silly idealTree ├── prelude-ls@1.1.2
42 silly idealTree ├─┬ pretty-format@25.5.0
42 silly idealTree │ ├── ansi-styles@4.3.0
42 silly idealTree │ ├── color-convert@2.0.1
42 silly idealTree │ └── color-name@1.1.4
42 silly idealTree ├── progress@2.0.3
42 silly idealTree ├── prompts@2.4.2
42 silly idealTree ├── prop-types@15.8.1
42 silly idealTree ├── pseudomap@1.0.2
42 silly idealTree ├── psl@1.8.0
42 silly idealTree ├── pump@3.0.0
42 silly idealTree ├── punycode@2.1.1
42 silly idealTree ├── qs@6.5.3
42 silly idealTree ├── react-is@16.13.1
42 silly idealTree ├─┬ read-pkg-up@7.0.1
42 silly idealTree │ ├── find-up@4.1.0
42 silly idealTree │ ├── locate-path@5.0.0
42 silly idealTree │ ├── p-limit@2.3.0
42 silly idealTree │ ├── p-locate@4.1.0
42 silly idealTree │ ├── p-try@2.2.0
42 silly idealTree │ └── path-exists@4.0.0
42 silly idealTree ├─┬ read-pkg@5.2.0
42 silly idealTree │ └── type-fest@0.6.0
42 silly idealTree ├── realpath-native@2.0.0
42 silly idealTree ├── regenerator-runtime@0.13.9
42 silly idealTree ├── regex-not@1.0.2
42 silly idealTree ├── regexp.prototype.flags@1.4.3
42 silly idealTree ├── regexpp@2.0.1
42 silly idealTree ├── remove-trailing-separator@1.1.0
42 silly idealTree ├── repeat-element@1.1.4
42 silly idealTree ├── repeat-string@1.6.1
42 silly idealTree ├── request-promise-core@1.1.4
42 silly idealTree ├─┬ request-promise-native@1.0.9
42 silly idealTree │ └── tough-cookie@2.5.0
42 silly idealTree ├─┬ request@2.88.2
42 silly idealTree │ └── tough-cookie@2.5.0
42 silly idealTree ├── require-directory@2.1.1
42 silly idealTree ├── require-from-string@2.0.2
42 silly idealTree ├── require-main-filename@2.0.0
42 silly idealTree ├─┬ resolve-cwd@3.0.0
42 silly idealTree │ └── resolve-from@5.0.0
42 silly idealTree ├── resolve-from@4.0.0
42 silly idealTree ├── resolve-url@0.2.1
42 silly idealTree ├── resolve@1.22.0
42 silly idealTree ├── restore-cursor@3.1.0
42 silly idealTree ├── ret@0.1.15
42 silly idealTree ├── rimraf@2.6.3
42 silly idealTree ├── rsvp@4.8.5
42 silly idealTree ├── run-async@2.4.1
42 silly idealTree ├── rxjs@6.6.7
42 silly idealTree ├── safe-buffer@5.1.2
42 silly idealTree ├── safe-regex@1.1.0
42 silly idealTree ├── safer-buffer@2.1.2
42 silly idealTree ├─┬ sane@4.1.0
42 silly idealTree │ ├── anymatch@2.0.0
42 silly idealTree │ ├─┬ braces@2.3.2
42 silly idealTree │ │ └── extend-shallow@2.0.1
42 silly idealTree │ ├── execa@1.0.0
42 silly idealTree │ ├─┬ fill-range@4.0.0
42 silly idealTree │ │ └── extend-shallow@2.0.1
42 silly idealTree │ ├── get-stream@4.1.0
42 silly idealTree │ ├── is-extendable@0.1.1
42 silly idealTree │ ├─┬ is-number@3.0.0
42 silly idealTree │ │ └── kind-of@3.2.2
42 silly idealTree │ ├── is-stream@1.1.0
42 silly idealTree │ ├── micromatch@3.1.10
42 silly idealTree │ ├── normalize-path@2.1.1
42 silly idealTree │ ├── npm-run-path@2.0.2
42 silly idealTree │ ├── p-finally@1.0.0
42 silly idealTree │ └── to-regex-range@2.1.1
42 silly idealTree ├── saxes@3.1.11
42 silly idealTree ├── semver@6.3.0
42 silly idealTree ├── set-blocking@2.0.0
42 silly idealTree ├─┬ set-value@2.0.1
42 silly idealTree │ ├── extend-shallow@2.0.1
42 silly idealTree │ └── is-extendable@0.1.1
42 silly idealTree ├── shebang-command@1.2.0
42 silly idealTree ├── shebang-regex@1.0.0
42 silly idealTree ├── shellwords@0.1.1
42 silly idealTree ├── side-channel@1.0.4
42 silly idealTree ├── sigmund@1.0.1
42 silly idealTree ├── signal-exit@3.0.7
42 silly idealTree ├── sisteransi@1.0.5
42 silly idealTree ├── slash@3.0.0
42 silly idealTree ├─┬ slice-ansi@2.1.0
42 silly idealTree │ └── is-fullwidth-code-point@2.0.0
42 silly idealTree ├─┬ snapdragon-node@2.1.1
42 silly idealTree │ └── define-property@1.0.0
42 silly idealTree ├─┬ snapdragon-util@3.0.1
42 silly idealTree │ └── kind-of@3.2.2
42 silly idealTree ├─┬ snapdragon@0.8.2
42 silly idealTree │ ├── debug@2.6.9
42 silly idealTree │ ├── define-property@0.2.5
42 silly idealTree │ ├── extend-shallow@2.0.1
42 silly idealTree │ ├─┬ is-accessor-descriptor@0.1.6
42 silly idealTree │ │ └── kind-of@3.2.2
42 silly idealTree │ ├─┬ is-data-descriptor@0.1.4
42 silly idealTree │ │ └── kind-of@3.2.2
42 silly idealTree │ ├── is-descriptor@0.1.6
42 silly idealTree │ ├── is-extendable@0.1.1
42 silly idealTree │ ├── kind-of@5.1.0
42 silly idealTree │ ├── ms@2.0.0
42 silly idealTree │ └── source-map@0.5.7
42 silly idealTree ├── source-map-resolve@0.5.3
42 silly idealTree ├── source-map-support@0.5.21
42 silly idealTree ├── source-map-url@0.4.1
42 silly idealTree ├── source-map@0.6.1
42 silly idealTree ├── spdx-correct@3.1.1
42 silly idealTree ├── spdx-exceptions@2.3.0
42 silly idealTree ├── spdx-expression-parse@3.0.1
42 silly idealTree ├── spdx-license-ids@3.0.11
42 silly idealTree ├── split-string@3.1.0
42 silly idealTree ├── sprintf-js@1.0.3
42 silly idealTree ├── sshpk@1.17.0
42 silly idealTree ├─┬ stack-utils@1.0.5
42 silly idealTree │ └── escape-string-regexp@2.0.0
42 silly idealTree ├─┬ static-extend@0.1.2
42 silly idealTree │ ├── define-property@0.2.5
42 silly idealTree │ ├─┬ is-accessor-descriptor@0.1.6
42 silly idealTree │ │ └── kind-of@3.2.2
42 silly idealTree │ ├─┬ is-data-descriptor@0.1.4
42 silly idealTree │ │ └── kind-of@3.2.2
42 silly idealTree │ ├── is-descriptor@0.1.6
42 silly idealTree │ └── kind-of@5.1.0
42 silly idealTree ├── stealthy-require@1.1.1
42 silly idealTree ├── string-length@3.1.0
42 silly idealTree ├─┬ string-width@4.2.3
42 silly idealTree │ ├── emoji-regex@8.0.0
42 silly idealTree │ └── strip-ansi@6.0.1
42 silly idealTree ├── string.prototype.matchall@4.0.7
42 silly idealTree ├── string.prototype.trimend@1.0.5
42 silly idealTree ├── string.prototype.trimstart@1.0.5
42 silly idealTree ├─┬ strip-ansi@5.2.0
42 silly idealTree │ └── ansi-regex@4.1.1
42 silly idealTree ├── strip-bom@4.0.0
42 silly idealTree ├── strip-eof@1.0.0
42 silly idealTree ├── strip-final-newline@2.0.0
42 silly idealTree ├── strip-json-comments@3.1.1
42 silly idealTree ├── supports-color@5.5.0
42 silly idealTree ├─┬ supports-hyperlinks@2.2.0
42 silly idealTree │ ├── has-flag@4.0.0
42 silly idealTree │ └── supports-color@7.2.0
42 silly idealTree ├── supports-preserve-symlinks-flag@1.0.0
42 silly idealTree ├── symbol-tree@3.2.4
42 silly idealTree ├─┬ table@5.4.6
42 silly idealTree │ ├── emoji-regex@7.0.3
42 silly idealTree │ ├── is-fullwidth-code-point@2.0.0
42 silly idealTree │ └── string-width@3.1.0
42 silly idealTree ├── terminal-link@2.1.1
42 silly idealTree ├── test-exclude@6.0.0
42 silly idealTree ├── text-table@0.2.0
42 silly idealTree ├── throat@5.0.0
42 silly idealTree ├── through@2.3.8
42 silly idealTree ├── tmp@0.0.33
42 silly idealTree ├── tmpl@1.0.5
42 silly idealTree ├── to-fast-properties@2.0.0
42 silly idealTree ├─┬ to-object-path@0.3.0
42 silly idealTree │ └── kind-of@3.2.2
42 silly idealTree ├── to-regex-range@5.0.1
42 silly idealTree ├── to-regex@3.0.2
42 silly idealTree ├── tough-cookie@3.0.1
42 silly idealTree ├── tr46@1.0.1
42 silly idealTree ├─┬ tsconfig-paths@3.14.1
42 silly idealTree │ ├── json5@1.0.1
42 silly idealTree │ └── strip-bom@3.0.0
42 silly idealTree ├── tslib@1.14.1
42 silly idealTree ├── tunnel-agent@0.6.0
42 silly idealTree ├── tweetnacl@0.14.5
42 silly idealTree ├── type-check@0.3.2
42 silly idealTree ├── type-detect@4.0.8
42 silly idealTree ├── type-fest@0.8.1
42 silly idealTree ├── typedarray-to-buffer@3.1.5
42 silly idealTree ├── unbox-primitive@1.0.2
42 silly idealTree ├─┬ union-value@1.0.1
42 silly idealTree │ └── is-extendable@0.1.1
42 silly idealTree ├─┬ unset-value@1.0.0
42 silly idealTree │ ├─┬ has-value@0.3.1
42 silly idealTree │ │ └── isobject@2.1.0
42 silly idealTree │ └── has-values@0.1.4
42 silly idealTree ├── uri-js@4.4.1
42 silly idealTree ├── urix@0.1.0
42 silly idealTree ├── use@3.1.1
42 silly idealTree ├── uuid@3.4.0
42 silly idealTree ├── v8-compile-cache@2.3.0
42 silly idealTree ├─┬ v8-to-istanbul@4.1.4
42 silly idealTree │ └── source-map@0.7.3
42 silly idealTree ├── validate-npm-package-license@3.0.4
42 silly idealTree ├── verror@1.10.0
42 silly idealTree ├── w3c-hr-time@1.0.2
42 silly idealTree ├── w3c-xmlserializer@1.1.2
42 silly idealTree ├── walker@1.0.8
42 silly idealTree ├── webidl-conversions@4.0.2
42 silly idealTree ├── whatwg-encoding@1.0.5
42 silly idealTree ├── whatwg-mimetype@2.3.0
42 silly idealTree ├── whatwg-url@7.1.0
42 silly idealTree ├── which-boxed-primitive@1.0.2
42 silly idealTree ├── which-module@2.0.0
42 silly idealTree ├── which@1.3.1
42 silly idealTree ├── word-wrap@1.2.3
42 silly idealTree ├─┬ wrap-ansi@6.2.0
42 silly idealTree │ ├── ansi-styles@4.3.0
42 silly idealTree │ ├── color-convert@2.0.1
42 silly idealTree │ ├── color-name@1.1.4
42 silly idealTree │ └── strip-ansi@6.0.1
42 silly idealTree ├── wrappy@1.0.2
42 silly idealTree ├── write-file-atomic@3.0.3
42 silly idealTree ├── write@1.0.3
42 silly idealTree ├── ws@7.5.7
42 silly idealTree ├── xml-name-validator@3.0.0
42 silly idealTree ├── xmlchars@2.2.0
42 silly idealTree ├── y18n@4.0.3
42 silly idealTree ├── yallist@2.1.2
42 silly idealTree ├── yargs-parser@18.1.3
42 silly idealTree └─┬ yargs@15.4.1
42 silly idealTree   ├── find-up@4.1.0
42 silly idealTree   ├── locate-path@5.0.0
42 silly idealTree   ├── p-limit@2.3.0
42 silly idealTree   ├── p-locate@4.1.0
42 silly idealTree   ├── p-try@2.2.0
42 silly idealTree   └── path-exists@4.0.0
43 silly generateActionsToTake Starting
44 silly install generateActionsToTake
45 silly generateActionsToTake Finishing
46 silly diffTrees action count 0
47 silly decomposeActions action count 0
48 silly runTopLevelLifecycles Starting
49 silly install runPreinstallTopLevelLifecycles
50 silly rollbackFailedOptional Starting
51 silly rollbackFailedOptional Finishing
52 silly runTopLevelLifecycles Finishing
53 silly install printInstalled
54 warn optional SKIPPING OPTIONAL DEPENDENCY: fsevents@^2.1.2 (node_modules/jest-haste-map/node_modules/fsevents):
55 warn notsup SKIPPING OPTIONAL DEPENDENCY: Unsupported engine for fsevents@2.3.2: wanted: {"node":"^8.16.0 || ^10.6.0 || >=11.0.0"} (current: {"node":"6.17.1","npm":"3.10.10"})
56 warn notsup SKIPPING OPTIONAL DEPENDENCY: Not compatible with your version of node/npm: fsevents@2.3.2
57 verbose notsup SKIPPING OPTIONAL DEPENDENCY: Not compatible with your version of node/npm: fsevents@2.3.2
57 verbose notsup SKIPPING OPTIONAL DEPENDENCY: Required: {"node":"^8.16.0 || ^10.6.0 || >=11.0.0"}
57 verbose notsup SKIPPING OPTIONAL DEPENDENCY: Actual:   {"npm":"3.10.10","node":"6.17.1"}
58 warn jsdom@15.2.1 requires a peer of canvas@^2.5.0 but none was installed.
59 verbose If you need help, you may report this error at:
59 verbose     <https://github.com/npm/npm/issues>
60 warn ws@7.5.7 requires a peer of bufferutil@^4.0.1 but none was installed.
61 verbose If you need help, you may report this error at:
61 verbose     <https://github.com/npm/npm/issues>
62 warn ws@7.5.7 requires a peer of utf-8-validate@^5.0.2 but none was installed.
63 verbose If you need help, you may report this error at:
63 verbose     <https://github.com/npm/npm/issues>
64 verbose stack Error: Unsupported engine for block8-project-zoo-functions@1.0.0: wanted: {"node":"16"} (current: {"node":"6.17.1","npm":"3.10.10"})
64 verbose stack     at checkEngine (/home/eduardo/.nvm/versions/node/v6.17.1/lib/node_modules/npm/node_modules/npm-install-checks/index.js:13:14)
64 verbose stack     at module.exports.isInstallable (/home/eduardo/.nvm/versions/node/v6.17.1/lib/node_modules/npm/lib/install/validate-args.js:38:3)
64 verbose stack     at actions.(anonymous function) (/home/eduardo/.nvm/versions/node/v6.17.1/lib/node_modules/npm/lib/install/actions.js:52:14)
64 verbose stack     at execAction (/home/eduardo/.nvm/versions/node/v6.17.1/lib/node_modules/npm/lib/install/actions.js:114:7)
64 verbose stack     at exports.doOne (/home/eduardo/.nvm/versions/node/v6.17.1/lib/node_modules/npm/lib/install/actions.js:119:3)
64 verbose stack     at Array.<anonymous> (/home/eduardo/.nvm/versions/node/v6.17.1/lib/node_modules/npm/node_modules/slide/lib/bind-actor.js:15:8)
64 verbose stack     at LOOP (/home/eduardo/.nvm/versions/node/v6.17.1/lib/node_modules/npm/node_modules/slide/lib/chain.js:15:14)
64 verbose stack     at chain (/home/eduardo/.nvm/versions/node/v6.17.1/lib/node_modules/npm/node_modules/slide/lib/chain.js:20:5)
64 verbose stack     at Object.Installer.runPreinstallTopLevelLifecycles (/home/eduardo/.nvm/versions/node/v6.17.1/lib/node_modules/npm/lib/install.js:540:3)
64 verbose stack     at Array.<anonymous> (/home/eduardo/.nvm/versions/node/v6.17.1/lib/node_modules/npm/node_modules/slide/lib/bind-actor.js:15:8)
65 verbose pkgid block8-project-zoo-functions@1.0.0
66 verbose cwd /home/eduardo/trybe/projetos/bloco-8/sd-025-b-project-zoo-functions
67 error Linux 5.15.0-47-generic
68 error argv "/home/eduardo/.nvm/versions/node/v6.17.1/bin/node" "/home/eduardo/.nvm/versions/node/v6.17.1/bin/npm" "install"
69 error node v6.17.1
70 error npm  v3.10.10
71 error code ENOTSUP
72 error notsup Unsupported engine for block8-project-zoo-functions@1.0.0: wanted: {"node":"16"} (current: {"node":"6.17.1","npm":"3.10.10"})
73 error notsup Not compatible with your version of node/npm: block8-project-zoo-functions@1.0.0
74 error notsup Not compatible with your version of node/npm: block8-project-zoo-functions@1.0.0
74 error notsup Required: {"node":"16"}
74 error notsup Actual:   {"npm":"3.10.10","node":"6.17.1"}
75 verbose exit [ 1, true ]
